[2023-12-04T20:53:33.716+0500] {manager.py:487} INFO - Processing files using up to 1 processes at a time 
[2023-12-04T20:53:33.717+0500] {manager.py:488} INFO - Process each file at most once every 30 seconds
[2023-12-04T20:53:33.717+0500] {manager.py:489} INFO - Checking for new files in /home/art/gitprj/MLopsXFlow/airflow/dags every 300 seconds
[2023-12-04T20:53:33.717+0500] {manager.py:755} INFO - Searching for files in /home/art/gitprj/MLopsXFlow/airflow/dags
[2023-12-04T20:53:33.717+0500] {manager.py:758} INFO - There are 1 files in /home/art/gitprj/MLopsXFlow/airflow/dags
[2023-12-04T20:53:33.951+0500] {manager.py:887} INFO - 
================================================================================
DAG File Processing Stats

File Path                                          PID    Runtime      # DAGs    # Errors  Last Runtime    Last Run
-------------------------------------------------  -----  ---------  --------  ----------  --------------  -------------------
/home/art/gitprj/MLopsXFlow/airflow/dags/hello.py                           1           0  0.20s           2023-12-04T15:53:33
================================================================================
[2023-12-04T20:53:59.943+0500] {manager.py:469} INFO - Exiting gracefully upon receiving signal 15
[2023-12-04T20:54:04.065+0500] {manager.py:487} INFO - Processing files using up to 1 processes at a time 
[2023-12-04T20:54:04.065+0500] {manager.py:488} INFO - Process each file at most once every 30 seconds
[2023-12-04T20:54:04.065+0500] {manager.py:489} INFO - Checking for new files in /home/art/gitprj/MLopsXFlow/airflow/dags every 300 seconds
[2023-12-04T20:54:04.065+0500] {manager.py:755} INFO - Searching for files in /home/art/gitprj/MLopsXFlow/airflow/dags
[2023-12-04T20:54:04.066+0500] {manager.py:758} INFO - There are 1 files in /home/art/gitprj/MLopsXFlow/airflow/dags
[2023-12-04T20:54:04.203+0500] {manager.py:887} INFO - 
================================================================================
DAG File Processing Stats

File Path                                          PID    Runtime      # DAGs    # Errors  Last Runtime    Last Run
-------------------------------------------------  -----  ---------  --------  ----------  --------------  -------------------
/home/art/gitprj/MLopsXFlow/airflow/dags/hello.py                           1           0  0.11s           2023-12-04T15:54:04
================================================================================
[2023-12-04T20:54:15.246+0500] {manager.py:469} INFO - Exiting gracefully upon receiving signal 15
[2023-12-04T22:06:31.119+0500] {manager.py:487} INFO - Processing files using up to 1 processes at a time 
[2023-12-04T22:06:31.120+0500] {manager.py:488} INFO - Process each file at most once every 30 seconds
[2023-12-04T22:06:31.120+0500] {manager.py:489} INFO - Checking for new files in /home/art/gitprj/MLopsXFlow/airflow/dags every 300 seconds
[2023-12-04T22:06:31.120+0500] {manager.py:755} INFO - Searching for files in /home/art/gitprj/MLopsXFlow/airflow/dags
[2023-12-04T22:06:31.121+0500] {manager.py:758} INFO - There are 1 files in /home/art/gitprj/MLopsXFlow/airflow/dags
[2023-12-04T22:06:31.255+0500] {manager.py:887} INFO - 
================================================================================
DAG File Processing Stats

File Path                                            PID    Runtime      # DAGs    # Errors  Last Runtime    Last Run
---------------------------------------------------  -----  ---------  --------  ----------  --------------  -------------------
/home/art/gitprj/MLopsXFlow/airflow/dags/gpstore.py                           0           1  0.11s           2023-12-04T17:06:31
================================================================================
[2023-12-04T22:06:59.547+0500] {manager.py:887} INFO - 
================================================================================
DAG File Processing Stats

File Path                                            PID    Runtime      # DAGs    # Errors  Last Runtime    Last Run
---------------------------------------------------  -----  ---------  --------  ----------  --------------  -------------------
/home/art/gitprj/MLopsXFlow/airflow/dags/gpstore.py                           0           1  0.11s           2023-12-04T17:06:31
================================================================================
[2023-12-04T22:07:16.917+0500] {manager.py:1137} WARNING - Skipping processing of missing file: /home/art/gitprj/MLopsXFlow/airflow/dags/gpstore.py
[2023-12-04T22:08:28.596+0500] {manager.py:469} INFO - Exiting gracefully upon receiving signal 15
[2023-12-04T22:08:30.777+0500] {manager.py:487} INFO - Processing files using up to 1 processes at a time 
[2023-12-04T22:08:30.777+0500] {manager.py:488} INFO - Process each file at most once every 30 seconds
[2023-12-04T22:08:30.777+0500] {manager.py:489} INFO - Checking for new files in /home/art/gitprj/MLopsXFlow/airflow/dags every 300 seconds
[2023-12-04T22:08:30.777+0500] {manager.py:755} INFO - Searching for files in /home/art/gitprj/MLopsXFlow/airflow/dags
[2023-12-04T22:08:30.778+0500] {manager.py:758} INFO - There are 1 files in /home/art/gitprj/MLopsXFlow/airflow/dags
[2023-12-04T22:08:30.909+0500] {manager.py:887} INFO - 
================================================================================
DAG File Processing Stats

File Path                                            PID    Runtime      # DAGs    # Errors  Last Runtime    Last Run
---------------------------------------------------  -----  ---------  --------  ----------  --------------  -------------------
/home/art/gitprj/MLopsXFlow/airflow/dags/gpstore.py                           0           1  0.10s           2023-12-04T17:08:30
================================================================================
[2023-12-04T22:08:59.168+0500] {manager.py:887} INFO - 
================================================================================
DAG File Processing Stats

File Path                                            PID    Runtime      # DAGs    # Errors  Last Runtime    Last Run
---------------------------------------------------  -----  ---------  --------  ----------  --------------  -------------------
/home/art/gitprj/MLopsXFlow/airflow/dags/gpstore.py                           0           1  0.10s           2023-12-04T17:08:30
================================================================================
[2023-12-04T22:09:26.588+0500] {manager.py:887} INFO - 
================================================================================
DAG File Processing Stats

File Path                                            PID    Runtime      # DAGs    # Errors  Last Runtime    Last Run
---------------------------------------------------  -----  ---------  --------  ----------  --------------  -------------------
/home/art/gitprj/MLopsXFlow/airflow/dags/gpstore.py                           0           1  0.10s           2023-12-04T17:09:01
================================================================================
[2023-12-04T22:09:54.046+0500] {manager.py:887} INFO - 
================================================================================
DAG File Processing Stats

File Path                                            PID    Runtime      # DAGs    # Errors  Last Runtime    Last Run
---------------------------------------------------  -----  ---------  --------  ----------  --------------  -------------------
/home/art/gitprj/MLopsXFlow/airflow/dags/gpstore.py                           0           1  0.10s           2023-12-04T17:09:31
================================================================================
[2023-12-04T22:10:21.487+0500] {manager.py:887} INFO - 
================================================================================
DAG File Processing Stats

File Path                                            PID    Runtime      # DAGs    # Errors  Last Runtime    Last Run
---------------------------------------------------  -----  ---------  --------  ----------  --------------  -------------------
/home/art/gitprj/MLopsXFlow/airflow/dags/gpstore.py                           0           1  0.10s           2023-12-04T17:10:02
================================================================================
[2023-12-04T22:10:48.914+0500] {manager.py:887} INFO - 
================================================================================
DAG File Processing Stats

File Path                                            PID    Runtime      # DAGs    # Errors  Last Runtime    Last Run
---------------------------------------------------  -----  ---------  --------  ----------  --------------  -------------------
/home/art/gitprj/MLopsXFlow/airflow/dags/gpstore.py                           0           1  0.10s           2023-12-04T17:10:32
================================================================================
[2023-12-04T22:11:16.413+0500] {manager.py:887} INFO - 
================================================================================
DAG File Processing Stats

File Path                                            PID    Runtime      # DAGs    # Errors  Last Runtime    Last Run
---------------------------------------------------  -----  ---------  --------  ----------  --------------  -------------------
/home/art/gitprj/MLopsXFlow/airflow/dags/gpstore.py                           1           0  0.10s           2023-12-04T17:11:04
================================================================================
[2023-12-04T22:11:43.894+0500] {manager.py:887} INFO - 
================================================================================
DAG File Processing Stats

File Path                                            PID    Runtime      # DAGs    # Errors  Last Runtime    Last Run
---------------------------------------------------  -----  ---------  --------  ----------  --------------  -------------------
/home/art/gitprj/MLopsXFlow/airflow/dags/gpstore.py                           1           0  0.10s           2023-12-04T17:11:34
================================================================================
[2023-12-04T22:12:11.439+0500] {manager.py:887} INFO - 
================================================================================
DAG File Processing Stats

File Path                                            PID    Runtime      # DAGs    # Errors  Last Runtime    Last Run
---------------------------------------------------  -----  ---------  --------  ----------  --------------  -------------------
/home/art/gitprj/MLopsXFlow/airflow/dags/gpstore.py                           1           0  0.10s           2023-12-04T17:12:05
================================================================================
[2023-12-04T22:12:38.925+0500] {manager.py:887} INFO - 
================================================================================
DAG File Processing Stats

File Path                                            PID    Runtime      # DAGs    # Errors  Last Runtime    Last Run
---------------------------------------------------  -----  ---------  --------  ----------  --------------  -------------------
/home/art/gitprj/MLopsXFlow/airflow/dags/gpstore.py                           1           0  0.11s           2023-12-04T17:12:36
================================================================================
[2023-12-04T22:13:09.077+0500] {manager.py:887} INFO - 
================================================================================
DAG File Processing Stats

File Path                                            PID    Runtime      # DAGs    # Errors  Last Runtime    Last Run
---------------------------------------------------  -----  ---------  --------  ----------  --------------  -------------------
/home/art/gitprj/MLopsXFlow/airflow/dags/gpstore.py                           1           0  0.10s           2023-12-04T17:13:06
================================================================================
[2023-12-04T22:13:31.268+0500] {manager.py:755} INFO - Searching for files in /home/art/gitprj/MLopsXFlow/airflow/dags
[2023-12-04T22:13:31.268+0500] {manager.py:758} INFO - There are 1 files in /home/art/gitprj/MLopsXFlow/airflow/dags
[2023-12-04T22:13:35.273+0500] {manager.py:887} INFO - 
================================================================================
DAG File Processing Stats

File Path                                            PID    Runtime      # DAGs    # Errors  Last Runtime    Last Run
---------------------------------------------------  -----  ---------  --------  ----------  --------------  -------------------
/home/art/gitprj/MLopsXFlow/airflow/dags/gpstore.py                           1           0  0.10s           2023-12-04T17:13:06
================================================================================
[2023-12-04T22:14:02.701+0500] {manager.py:887} INFO - 
================================================================================
DAG File Processing Stats

File Path                                            PID    Runtime      # DAGs    # Errors  Last Runtime    Last Run
---------------------------------------------------  -----  ---------  --------  ----------  --------------  -------------------
/home/art/gitprj/MLopsXFlow/airflow/dags/gpstore.py                           1           0  0.11s           2023-12-04T17:13:36
================================================================================
[2023-12-04T22:14:30.265+0500] {manager.py:887} INFO - 
================================================================================
DAG File Processing Stats

File Path                                            PID    Runtime      # DAGs    # Errors  Last Runtime    Last Run
---------------------------------------------------  -----  ---------  --------  ----------  --------------  -------------------
/home/art/gitprj/MLopsXFlow/airflow/dags/gpstore.py                           1           0  0.10s           2023-12-04T17:14:06
================================================================================
[2023-12-04T22:14:57.693+0500] {manager.py:887} INFO - 
================================================================================
DAG File Processing Stats

File Path                                            PID    Runtime      # DAGs    # Errors  Last Runtime    Last Run
---------------------------------------------------  -----  ---------  --------  ----------  --------------  -------------------
/home/art/gitprj/MLopsXFlow/airflow/dags/gpstore.py                           1           0  0.10s           2023-12-04T17:14:37
================================================================================
[2023-12-04T22:15:25.157+0500] {manager.py:887} INFO - 
================================================================================
DAG File Processing Stats

File Path                                            PID    Runtime      # DAGs    # Errors  Last Runtime    Last Run
---------------------------------------------------  -----  ---------  --------  ----------  --------------  -------------------
/home/art/gitprj/MLopsXFlow/airflow/dags/gpstore.py                           1           0  0.10s           2023-12-04T17:15:07
================================================================================
[2023-12-04T22:15:52.824+0500] {manager.py:887} INFO - 
================================================================================
DAG File Processing Stats

File Path                                            PID    Runtime      # DAGs    # Errors  Last Runtime    Last Run
---------------------------------------------------  -----  ---------  --------  ----------  --------------  -------------------
/home/art/gitprj/MLopsXFlow/airflow/dags/gpstore.py                           1           0  0.10s           2023-12-04T17:15:38
================================================================================
[2023-12-04T22:16:20.327+0500] {manager.py:887} INFO - 
================================================================================
DAG File Processing Stats

File Path                                            PID    Runtime      # DAGs    # Errors  Last Runtime    Last Run
---------------------------------------------------  -----  ---------  --------  ----------  --------------  -------------------
/home/art/gitprj/MLopsXFlow/airflow/dags/gpstore.py                           1           0  0.10s           2023-12-04T17:16:09
================================================================================
[2023-12-04T22:16:47.930+0500] {manager.py:887} INFO - 
================================================================================
DAG File Processing Stats

File Path                                            PID    Runtime      # DAGs    # Errors  Last Runtime    Last Run
---------------------------------------------------  -----  ---------  --------  ----------  --------------  -------------------
/home/art/gitprj/MLopsXFlow/airflow/dags/gpstore.py                           1           0  0.10s           2023-12-04T17:16:39
================================================================================
[2023-12-04T22:17:15.442+0500] {manager.py:887} INFO - 
================================================================================
DAG File Processing Stats

File Path                                            PID    Runtime      # DAGs    # Errors  Last Runtime    Last Run
---------------------------------------------------  -----  ---------  --------  ----------  --------------  -------------------
/home/art/gitprj/MLopsXFlow/airflow/dags/gpstore.py                           1           0  0.10s           2023-12-04T17:17:10
================================================================================
[2023-12-04T22:17:42.976+0500] {manager.py:887} INFO - 
================================================================================
DAG File Processing Stats

File Path                                            PID    Runtime      # DAGs    # Errors  Last Runtime    Last Run
---------------------------------------------------  -----  ---------  --------  ----------  --------------  -------------------
/home/art/gitprj/MLopsXFlow/airflow/dags/gpstore.py                           1           0  0.11s           2023-12-04T17:17:40
================================================================================
[2023-12-04T22:18:10.471+0500] {manager.py:887} INFO - 
================================================================================
DAG File Processing Stats

File Path                                            PID    Runtime      # DAGs    # Errors  Last Runtime    Last Run
---------------------------------------------------  -----  ---------  --------  ----------  --------------  -------------------
/home/art/gitprj/MLopsXFlow/airflow/dags/gpstore.py                           1           0  0.10s           2023-12-04T17:18:10
================================================================================
[2023-12-04T22:18:31.634+0500] {manager.py:755} INFO - Searching for files in /home/art/gitprj/MLopsXFlow/airflow/dags
[2023-12-04T22:18:31.635+0500] {manager.py:758} INFO - There are 1 files in /home/art/gitprj/MLopsXFlow/airflow/dags
[2023-12-04T22:18:40.682+0500] {manager.py:887} INFO - 
================================================================================
DAG File Processing Stats

File Path                                            PID    Runtime      # DAGs    # Errors  Last Runtime    Last Run
---------------------------------------------------  -----  ---------  --------  ----------  --------------  -------------------
/home/art/gitprj/MLopsXFlow/airflow/dags/gpstore.py                           1           0  0.10s           2023-12-04T17:18:10
================================================================================
[2023-12-04T22:19:08.184+0500] {manager.py:887} INFO - 
================================================================================
DAG File Processing Stats

File Path                                            PID    Runtime      # DAGs    # Errors  Last Runtime    Last Run
---------------------------------------------------  -----  ---------  --------  ----------  --------------  -------------------
/home/art/gitprj/MLopsXFlow/airflow/dags/gpstore.py                           1           0  0.10s           2023-12-04T17:18:41
================================================================================
[2023-12-04T22:19:35.679+0500] {manager.py:887} INFO - 
================================================================================
DAG File Processing Stats

File Path                                            PID    Runtime      # DAGs    # Errors  Last Runtime    Last Run
---------------------------------------------------  -----  ---------  --------  ----------  --------------  -------------------
/home/art/gitprj/MLopsXFlow/airflow/dags/gpstore.py                           1           0  0.10s           2023-12-04T17:19:12
================================================================================
[2023-12-04T22:20:03.170+0500] {manager.py:887} INFO - 
================================================================================
DAG File Processing Stats

File Path                                            PID    Runtime      # DAGs    # Errors  Last Runtime    Last Run
---------------------------------------------------  -----  ---------  --------  ----------  --------------  -------------------
/home/art/gitprj/MLopsXFlow/airflow/dags/gpstore.py                           1           0  0.10s           2023-12-04T17:19:43
================================================================================
[2023-12-04T22:20:30.456+0500] {manager.py:887} INFO - 
================================================================================
DAG File Processing Stats

File Path                                            PID    Runtime      # DAGs    # Errors  Last Runtime    Last Run
---------------------------------------------------  -----  ---------  --------  ----------  --------------  -------------------
/home/art/gitprj/MLopsXFlow/airflow/dags/gpstore.py                           1           0  0.10s           2023-12-04T17:20:13
================================================================================
[2023-12-04T22:20:57.973+0500] {manager.py:887} INFO - 
================================================================================
DAG File Processing Stats

File Path                                            PID    Runtime      # DAGs    # Errors  Last Runtime    Last Run
---------------------------------------------------  -----  ---------  --------  ----------  --------------  -------------------
/home/art/gitprj/MLopsXFlow/airflow/dags/gpstore.py                           1           0  0.10s           2023-12-04T17:20:43
================================================================================
[2023-12-04T22:21:25.493+0500] {manager.py:887} INFO - 
================================================================================
DAG File Processing Stats

File Path                                            PID    Runtime      # DAGs    # Errors  Last Runtime    Last Run
---------------------------------------------------  -----  ---------  --------  ----------  --------------  -------------------
/home/art/gitprj/MLopsXFlow/airflow/dags/gpstore.py                           1           0  0.10s           2023-12-04T17:21:14
================================================================================
[2023-12-04T22:21:52.988+0500] {manager.py:887} INFO - 
================================================================================
DAG File Processing Stats

File Path                                            PID    Runtime      # DAGs    # Errors  Last Runtime    Last Run
---------------------------------------------------  -----  ---------  --------  ----------  --------------  -------------------
/home/art/gitprj/MLopsXFlow/airflow/dags/gpstore.py                           1           0  0.10s           2023-12-04T17:21:45
================================================================================
[2023-12-04T22:22:20.518+0500] {manager.py:887} INFO - 
================================================================================
DAG File Processing Stats

File Path                                            PID    Runtime      # DAGs    # Errors  Last Runtime    Last Run
---------------------------------------------------  -----  ---------  --------  ----------  --------------  -------------------
/home/art/gitprj/MLopsXFlow/airflow/dags/gpstore.py                           1           0  0.10s           2023-12-04T17:22:15
================================================================================
[2023-12-04T22:22:48.120+0500] {manager.py:887} INFO - 
================================================================================
DAG File Processing Stats

File Path                                            PID    Runtime      # DAGs    # Errors  Last Runtime    Last Run
---------------------------------------------------  -----  ---------  --------  ----------  --------------  -------------------
/home/art/gitprj/MLopsXFlow/airflow/dags/gpstore.py                           1           0  0.10s           2023-12-04T17:22:46
================================================================================
[2023-12-04T22:23:15.611+0500] {manager.py:887} INFO - 
================================================================================
DAG File Processing Stats

File Path                                            PID    Runtime      # DAGs    # Errors  Last Runtime    Last Run
---------------------------------------------------  -----  ---------  --------  ----------  --------------  -------------------
/home/art/gitprj/MLopsXFlow/airflow/dags/gpstore.py                           1           0  0.10s           2023-12-04T17:22:46
================================================================================
[2023-12-04T22:23:31.745+0500] {manager.py:755} INFO - Searching for files in /home/art/gitprj/MLopsXFlow/airflow/dags
[2023-12-04T22:23:31.745+0500] {manager.py:758} INFO - There are 1 files in /home/art/gitprj/MLopsXFlow/airflow/dags
[2023-12-04T22:23:43.075+0500] {manager.py:887} INFO - 
================================================================================
DAG File Processing Stats

File Path                                            PID    Runtime      # DAGs    # Errors  Last Runtime    Last Run
---------------------------------------------------  -----  ---------  --------  ----------  --------------  -------------------
/home/art/gitprj/MLopsXFlow/airflow/dags/gpstore.py                           1           0  0.10s           2023-12-04T17:23:16
================================================================================
[2023-12-04T22:24:10.527+0500] {manager.py:887} INFO - 
================================================================================
DAG File Processing Stats

File Path                                            PID    Runtime      # DAGs    # Errors  Last Runtime    Last Run
---------------------------------------------------  -----  ---------  --------  ----------  --------------  -------------------
/home/art/gitprj/MLopsXFlow/airflow/dags/gpstore.py                           1           0  0.10s           2023-12-04T17:23:47
================================================================================
[2023-12-04T22:24:38.049+0500] {manager.py:887} INFO - 
================================================================================
DAG File Processing Stats

File Path                                            PID    Runtime      # DAGs    # Errors  Last Runtime    Last Run
---------------------------------------------------  -----  ---------  --------  ----------  --------------  -------------------
/home/art/gitprj/MLopsXFlow/airflow/dags/gpstore.py                           1           0  0.10s           2023-12-04T17:24:17
================================================================================
[2023-12-04T22:25:05.534+0500] {manager.py:887} INFO - 
================================================================================
DAG File Processing Stats

File Path                                            PID    Runtime      # DAGs    # Errors  Last Runtime    Last Run
---------------------------------------------------  -----  ---------  --------  ----------  --------------  -------------------
/home/art/gitprj/MLopsXFlow/airflow/dags/gpstore.py                           1           0  0.10s           2023-12-04T17:24:47
================================================================================
[2023-12-04T22:25:35.699+0500] {manager.py:887} INFO - 
================================================================================
DAG File Processing Stats

File Path                                            PID    Runtime      # DAGs    # Errors  Last Runtime    Last Run
---------------------------------------------------  -----  ---------  --------  ----------  --------------  -------------------
/home/art/gitprj/MLopsXFlow/airflow/dags/gpstore.py                           1           0  0.10s           2023-12-04T17:25:18
================================================================================
[2023-12-04T22:26:03.154+0500] {manager.py:887} INFO - 
================================================================================
DAG File Processing Stats

File Path                                            PID    Runtime      # DAGs    # Errors  Last Runtime    Last Run
---------------------------------------------------  -----  ---------  --------  ----------  --------------  -------------------
/home/art/gitprj/MLopsXFlow/airflow/dags/gpstore.py                           1           0  0.10s           2023-12-04T17:25:49
================================================================================
[2023-12-04T22:26:30.573+0500] {manager.py:887} INFO - 
================================================================================
DAG File Processing Stats

File Path                                            PID    Runtime      # DAGs    # Errors  Last Runtime    Last Run
---------------------------------------------------  -----  ---------  --------  ----------  --------------  -------------------
/home/art/gitprj/MLopsXFlow/airflow/dags/gpstore.py                           1           0  0.10s           2023-12-04T17:26:19
================================================================================
[2023-12-04T22:26:58.007+0500] {manager.py:887} INFO - 
================================================================================
DAG File Processing Stats

File Path                                            PID    Runtime      # DAGs    # Errors  Last Runtime    Last Run
---------------------------------------------------  -----  ---------  --------  ----------  --------------  -------------------
/home/art/gitprj/MLopsXFlow/airflow/dags/gpstore.py                           1           0  0.10s           2023-12-04T17:26:49
================================================================================
[2023-12-04T22:27:25.428+0500] {manager.py:887} INFO - 
================================================================================
DAG File Processing Stats

File Path                                            PID    Runtime      # DAGs    # Errors  Last Runtime    Last Run
---------------------------------------------------  -----  ---------  --------  ----------  --------------  -------------------
/home/art/gitprj/MLopsXFlow/airflow/dags/gpstore.py                           1           0  0.10s           2023-12-04T17:27:20
================================================================================
[2023-12-04T22:27:52.954+0500] {manager.py:887} INFO - 
================================================================================
DAG File Processing Stats

File Path                                            PID    Runtime      # DAGs    # Errors  Last Runtime    Last Run
---------------------------------------------------  -----  ---------  --------  ----------  --------------  -------------------
/home/art/gitprj/MLopsXFlow/airflow/dags/gpstore.py                           1           0  0.10s           2023-12-04T17:27:50
================================================================================
[2023-12-04T22:28:20.377+0500] {manager.py:887} INFO - 
================================================================================
DAG File Processing Stats

File Path                                            PID    Runtime      # DAGs    # Errors  Last Runtime    Last Run
---------------------------------------------------  -----  ---------  --------  ----------  --------------  -------------------
/home/art/gitprj/MLopsXFlow/airflow/dags/gpstore.py                           1           0  0.10s           2023-12-04T17:27:50
================================================================================
[2023-12-04T22:28:32.141+0500] {manager.py:755} INFO - Searching for files in /home/art/gitprj/MLopsXFlow/airflow/dags
[2023-12-04T22:28:32.141+0500] {manager.py:758} INFO - There are 1 files in /home/art/gitprj/MLopsXFlow/airflow/dags
[2023-12-04T22:28:47.800+0500] {manager.py:887} INFO - 
================================================================================
DAG File Processing Stats

File Path                                            PID    Runtime      # DAGs    # Errors  Last Runtime    Last Run
---------------------------------------------------  -----  ---------  --------  ----------  --------------  -------------------
/home/art/gitprj/MLopsXFlow/airflow/dags/gpstore.py                           1           0  0.10s           2023-12-04T17:28:21
================================================================================
[2023-12-04T22:29:15.218+0500] {manager.py:887} INFO - 
================================================================================
DAG File Processing Stats

File Path                                            PID    Runtime      # DAGs    # Errors  Last Runtime    Last Run
---------------------------------------------------  -----  ---------  --------  ----------  --------------  -------------------
/home/art/gitprj/MLopsXFlow/airflow/dags/gpstore.py                           1           0  0.11s           2023-12-04T17:28:51
================================================================================
[2023-12-04T22:29:42.641+0500] {manager.py:887} INFO - 
================================================================================
DAG File Processing Stats

File Path                                            PID    Runtime      # DAGs    # Errors  Last Runtime    Last Run
---------------------------------------------------  -----  ---------  --------  ----------  --------------  -------------------
/home/art/gitprj/MLopsXFlow/airflow/dags/gpstore.py                           1           0  0.10s           2023-12-04T17:29:22
================================================================================
[2023-12-04T22:30:10.071+0500] {manager.py:887} INFO - 
================================================================================
DAG File Processing Stats

File Path                                            PID    Runtime      # DAGs    # Errors  Last Runtime    Last Run
---------------------------------------------------  -----  ---------  --------  ----------  --------------  -------------------
/home/art/gitprj/MLopsXFlow/airflow/dags/gpstore.py                           1           0  0.10s           2023-12-04T17:29:53
================================================================================
[2023-12-04T22:30:37.500+0500] {manager.py:887} INFO - 
================================================================================
DAG File Processing Stats

File Path                                            PID    Runtime      # DAGs    # Errors  Last Runtime    Last Run
---------------------------------------------------  -----  ---------  --------  ----------  --------------  -------------------
/home/art/gitprj/MLopsXFlow/airflow/dags/gpstore.py                           1           0  0.10s           2023-12-04T17:30:24
================================================================================
[2023-12-04T22:31:04.942+0500] {manager.py:887} INFO - 
================================================================================
DAG File Processing Stats

File Path                                            PID    Runtime      # DAGs    # Errors  Last Runtime    Last Run
---------------------------------------------------  -----  ---------  --------  ----------  --------------  -------------------
/home/art/gitprj/MLopsXFlow/airflow/dags/gpstore.py                           1           0  0.10s           2023-12-04T17:30:54
================================================================================
[2023-12-04T22:31:32.368+0500] {manager.py:887} INFO - 
================================================================================
DAG File Processing Stats

File Path                                            PID    Runtime      # DAGs    # Errors  Last Runtime    Last Run
---------------------------------------------------  -----  ---------  --------  ----------  --------------  -------------------
/home/art/gitprj/MLopsXFlow/airflow/dags/gpstore.py                           1           0  0.10s           2023-12-04T17:31:25
================================================================================
[2023-12-04T22:31:59.914+0500] {manager.py:887} INFO - 
================================================================================
DAG File Processing Stats

File Path                                            PID    Runtime      # DAGs    # Errors  Last Runtime    Last Run
---------------------------------------------------  -----  ---------  --------  ----------  --------------  -------------------
/home/art/gitprj/MLopsXFlow/airflow/dags/gpstore.py                           1           0  0.10s           2023-12-04T17:31:55
================================================================================
[2023-12-04T22:32:27.339+0500] {manager.py:887} INFO - 
================================================================================
DAG File Processing Stats

File Path                                            PID    Runtime      # DAGs    # Errors  Last Runtime    Last Run
---------------------------------------------------  -----  ---------  --------  ----------  --------------  -------------------
/home/art/gitprj/MLopsXFlow/airflow/dags/gpstore.py                           1           0  0.10s           2023-12-04T17:32:26
================================================================================
[2023-12-04T22:32:57.585+0500] {manager.py:887} INFO - 
================================================================================
DAG File Processing Stats

File Path                                            PID    Runtime      # DAGs    # Errors  Last Runtime    Last Run
---------------------------------------------------  -----  ---------  --------  ----------  --------------  -------------------
/home/art/gitprj/MLopsXFlow/airflow/dags/gpstore.py                           1           0  0.10s           2023-12-04T17:32:57
================================================================================
[2023-12-04T22:33:24.909+0500] {manager.py:887} INFO - 
================================================================================
DAG File Processing Stats

File Path                                            PID    Runtime      # DAGs    # Errors  Last Runtime    Last Run
---------------------------------------------------  -----  ---------  --------  ----------  --------------  -------------------
/home/art/gitprj/MLopsXFlow/airflow/dags/gpstore.py                           1           0  0.10s           2023-12-04T17:32:57
================================================================================
[2023-12-04T22:33:32.357+0500] {manager.py:755} INFO - Searching for files in /home/art/gitprj/MLopsXFlow/airflow/dags
[2023-12-04T22:33:32.358+0500] {manager.py:758} INFO - There are 1 files in /home/art/gitprj/MLopsXFlow/airflow/dags
[2023-12-04T22:33:52.445+0500] {manager.py:887} INFO - 
================================================================================
DAG File Processing Stats

File Path                                            PID    Runtime      # DAGs    # Errors  Last Runtime    Last Run
---------------------------------------------------  -----  ---------  --------  ----------  --------------  -------------------
/home/art/gitprj/MLopsXFlow/airflow/dags/gpstore.py                           1           0  0.10s           2023-12-04T17:33:27
================================================================================
[2023-12-04T22:34:20.566+0500] {manager.py:887} INFO - 
================================================================================
DAG File Processing Stats

File Path                                            PID    Runtime      # DAGs    # Errors  Last Runtime    Last Run
---------------------------------------------------  -----  ---------  --------  ----------  --------------  -------------------
/home/art/gitprj/MLopsXFlow/airflow/dags/gpstore.py                           1           0  0.10s           2023-12-04T17:33:58
================================================================================
[2023-12-04T22:34:48.704+0500] {manager.py:887} INFO - 
================================================================================
DAG File Processing Stats

File Path                                            PID    Runtime      # DAGs    # Errors  Last Runtime    Last Run
---------------------------------------------------  -----  ---------  --------  ----------  --------------  -------------------
/home/art/gitprj/MLopsXFlow/airflow/dags/gpstore.py                           1           0  0.71s           2023-12-04T17:34:30
================================================================================
[2023-12-04T22:35:16.128+0500] {manager.py:887} INFO - 
================================================================================
DAG File Processing Stats

File Path                                            PID    Runtime      # DAGs    # Errors  Last Runtime    Last Run
---------------------------------------------------  -----  ---------  --------  ----------  --------------  -------------------
/home/art/gitprj/MLopsXFlow/airflow/dags/gpstore.py                           1           0  0.10s           2023-12-04T17:35:01
================================================================================
[2023-12-04T22:35:43.543+0500] {manager.py:887} INFO - 
================================================================================
DAG File Processing Stats

File Path                                            PID    Runtime      # DAGs    # Errors  Last Runtime    Last Run
---------------------------------------------------  -----  ---------  --------  ----------  --------------  -------------------
/home/art/gitprj/MLopsXFlow/airflow/dags/gpstore.py                           1           0  0.10s           2023-12-04T17:35:32
================================================================================
[2023-12-04T22:36:10.976+0500] {manager.py:887} INFO - 
================================================================================
DAG File Processing Stats

File Path                                            PID    Runtime      # DAGs    # Errors  Last Runtime    Last Run
---------------------------------------------------  -----  ---------  --------  ----------  --------------  -------------------
/home/art/gitprj/MLopsXFlow/airflow/dags/gpstore.py                           1           0  0.10s           2023-12-04T17:36:03
================================================================================
[2023-12-04T22:36:38.398+0500] {manager.py:887} INFO - 
================================================================================
DAG File Processing Stats

File Path                                            PID    Runtime      # DAGs    # Errors  Last Runtime    Last Run
---------------------------------------------------  -----  ---------  --------  ----------  --------------  -------------------
/home/art/gitprj/MLopsXFlow/airflow/dags/gpstore.py                           1           0  0.10s           2023-12-04T17:36:33
================================================================================
[2023-12-04T22:37:05.736+0500] {manager.py:887} INFO - 
================================================================================
DAG File Processing Stats

File Path                                            PID    Runtime      # DAGs    # Errors  Last Runtime    Last Run
---------------------------------------------------  -----  ---------  --------  ----------  --------------  -------------------
/home/art/gitprj/MLopsXFlow/airflow/dags/gpstore.py                           1           0  0.92s           2023-12-04T17:37:05
================================================================================
[2023-12-04T22:37:33.253+0500] {manager.py:887} INFO - 
================================================================================
DAG File Processing Stats

File Path                                            PID    Runtime      # DAGs    # Errors  Last Runtime    Last Run
---------------------------------------------------  -----  ---------  --------  ----------  --------------  -------------------
/home/art/gitprj/MLopsXFlow/airflow/dags/gpstore.py                           1           0  0.92s           2023-12-04T17:37:05
================================================================================
[2023-12-04T22:38:00.811+0500] {manager.py:887} INFO - 
================================================================================
DAG File Processing Stats

File Path                                            PID    Runtime      # DAGs    # Errors  Last Runtime    Last Run
---------------------------------------------------  -----  ---------  --------  ----------  --------------  -------------------
/home/art/gitprj/MLopsXFlow/airflow/dags/gpstore.py                           1           0  0.10s           2023-12-04T17:37:36
================================================================================
[2023-12-04T22:38:28.265+0500] {manager.py:887} INFO - 
================================================================================
DAG File Processing Stats

File Path                                            PID    Runtime      # DAGs    # Errors  Last Runtime    Last Run
---------------------------------------------------  -----  ---------  --------  ----------  --------------  -------------------
/home/art/gitprj/MLopsXFlow/airflow/dags/gpstore.py                           1           0  0.11s           2023-12-04T17:38:06
================================================================================
[2023-12-04T22:38:33.283+0500] {manager.py:755} INFO - Searching for files in /home/art/gitprj/MLopsXFlow/airflow/dags
[2023-12-04T22:38:33.283+0500] {manager.py:758} INFO - There are 1 files in /home/art/gitprj/MLopsXFlow/airflow/dags
[2023-12-04T22:38:55.704+0500] {manager.py:887} INFO - 
================================================================================
DAG File Processing Stats

File Path                                            PID    Runtime      # DAGs    # Errors  Last Runtime    Last Run
---------------------------------------------------  -----  ---------  --------  ----------  --------------  -------------------
/home/art/gitprj/MLopsXFlow/airflow/dags/gpstore.py                           1           0  0.10s           2023-12-04T17:38:37
================================================================================
[2023-12-04T22:39:23.163+0500] {manager.py:887} INFO - 
================================================================================
DAG File Processing Stats

File Path                                            PID    Runtime      # DAGs    # Errors  Last Runtime    Last Run
---------------------------------------------------  -----  ---------  --------  ----------  --------------  -------------------
/home/art/gitprj/MLopsXFlow/airflow/dags/gpstore.py                           1           0  0.10s           2023-12-04T17:39:07
================================================================================
[2023-12-04T22:39:50.628+0500] {manager.py:887} INFO - 
================================================================================
DAG File Processing Stats

File Path                                            PID    Runtime      # DAGs    # Errors  Last Runtime    Last Run
---------------------------------------------------  -----  ---------  --------  ----------  --------------  -------------------
/home/art/gitprj/MLopsXFlow/airflow/dags/gpstore.py                           1           0  0.10s           2023-12-04T17:39:38
================================================================================
[2023-12-04T22:40:20.649+0500] {manager.py:887} INFO - 
================================================================================
DAG File Processing Stats

File Path                                            PID    Runtime      # DAGs    # Errors  Last Runtime    Last Run
---------------------------------------------------  -----  ---------  --------  ----------  --------------  -------------------
/home/art/gitprj/MLopsXFlow/airflow/dags/gpstore.py                           1           0  0.11s           2023-12-04T17:40:08
================================================================================
[2023-12-04T22:40:48.359+0500] {manager.py:887} INFO - 
================================================================================
DAG File Processing Stats

File Path                                            PID    Runtime      # DAGs    # Errors  Last Runtime    Last Run
---------------------------------------------------  -----  ---------  --------  ----------  --------------  -------------------
/home/art/gitprj/MLopsXFlow/airflow/dags/gpstore.py                           1           0  0.10s           2023-12-04T17:40:39
================================================================================
[2023-12-04T22:41:15.872+0500] {manager.py:887} INFO - 
================================================================================
DAG File Processing Stats

File Path                                            PID    Runtime      # DAGs    # Errors  Last Runtime    Last Run
---------------------------------------------------  -----  ---------  --------  ----------  --------------  -------------------
/home/art/gitprj/MLopsXFlow/airflow/dags/gpstore.py                           1           0  0.10s           2023-12-04T17:41:09
================================================================================
[2023-12-04T22:41:43.482+0500] {manager.py:887} INFO - 
================================================================================
DAG File Processing Stats

File Path                                            PID    Runtime      # DAGs    # Errors  Last Runtime    Last Run
---------------------------------------------------  -----  ---------  --------  ----------  --------------  -------------------
/home/art/gitprj/MLopsXFlow/airflow/dags/gpstore.py                           1           0  0.10s           2023-12-04T17:41:40
================================================================================
[2023-12-04T22:42:11.113+0500] {manager.py:887} INFO - 
================================================================================
DAG File Processing Stats

File Path                                            PID    Runtime      # DAGs    # Errors  Last Runtime    Last Run
---------------------------------------------------  -----  ---------  --------  ----------  --------------  -------------------
/home/art/gitprj/MLopsXFlow/airflow/dags/gpstore.py                           1           0  0.10s           2023-12-04T17:42:11
================================================================================
[2023-12-04T22:42:38.524+0500] {manager.py:887} INFO - 
================================================================================
DAG File Processing Stats

File Path                                            PID    Runtime      # DAGs    # Errors  Last Runtime    Last Run
---------------------------------------------------  -----  ---------  --------  ----------  --------------  -------------------
/home/art/gitprj/MLopsXFlow/airflow/dags/gpstore.py                           1           0  0.10s           2023-12-04T17:42:11
================================================================================
[2023-12-04T22:43:06.134+0500] {manager.py:887} INFO - 
================================================================================
DAG File Processing Stats

File Path                                            PID    Runtime      # DAGs    # Errors  Last Runtime    Last Run
---------------------------------------------------  -----  ---------  --------  ----------  --------------  -------------------
/home/art/gitprj/MLopsXFlow/airflow/dags/gpstore.py                           1           0  0.10s           2023-12-04T17:42:41
================================================================================
[2023-12-04T22:43:33.528+0500] {manager.py:755} INFO - Searching for files in /home/art/gitprj/MLopsXFlow/airflow/dags
[2023-12-04T22:43:33.530+0500] {manager.py:758} INFO - There are 1 files in /home/art/gitprj/MLopsXFlow/airflow/dags
[2023-12-04T22:43:33.535+0500] {manager.py:887} INFO - 
================================================================================
DAG File Processing Stats

File Path                                            PID    Runtime      # DAGs    # Errors  Last Runtime    Last Run
---------------------------------------------------  -----  ---------  --------  ----------  --------------  -------------------
/home/art/gitprj/MLopsXFlow/airflow/dags/gpstore.py                           1           0  0.10s           2023-12-04T17:43:12
================================================================================
[2023-12-04T22:44:01.026+0500] {manager.py:887} INFO - 
================================================================================
DAG File Processing Stats

File Path                                            PID    Runtime      # DAGs    # Errors  Last Runtime    Last Run
---------------------------------------------------  -----  ---------  --------  ----------  --------------  -------------------
/home/art/gitprj/MLopsXFlow/airflow/dags/gpstore.py                           1           0  0.10s           2023-12-04T17:43:42
================================================================================
[2023-12-04T22:44:28.620+0500] {manager.py:887} INFO - 
================================================================================
DAG File Processing Stats

File Path                                            PID    Runtime      # DAGs    # Errors  Last Runtime    Last Run
---------------------------------------------------  -----  ---------  --------  ----------  --------------  -------------------
/home/art/gitprj/MLopsXFlow/airflow/dags/gpstore.py                           1           0  0.10s           2023-12-04T17:44:13
================================================================================
[2023-12-04T22:44:56.126+0500] {manager.py:887} INFO - 
================================================================================
DAG File Processing Stats

File Path                                            PID    Runtime      # DAGs    # Errors  Last Runtime    Last Run
---------------------------------------------------  -----  ---------  --------  ----------  --------------  -------------------
/home/art/gitprj/MLopsXFlow/airflow/dags/gpstore.py                           1           0  0.10s           2023-12-04T17:44:43
================================================================================
[2023-12-04T22:45:23.617+0500] {manager.py:887} INFO - 
================================================================================
DAG File Processing Stats

File Path                                            PID    Runtime      # DAGs    # Errors  Last Runtime    Last Run
---------------------------------------------------  -----  ---------  --------  ----------  --------------  -------------------
/home/art/gitprj/MLopsXFlow/airflow/dags/gpstore.py                           1           0  0.11s           2023-12-04T17:45:14
================================================================================
[2023-12-04T22:45:51.093+0500] {manager.py:887} INFO - 
================================================================================
DAG File Processing Stats

File Path                                            PID    Runtime      # DAGs    # Errors  Last Runtime    Last Run
---------------------------------------------------  -----  ---------  --------  ----------  --------------  -------------------
/home/art/gitprj/MLopsXFlow/airflow/dags/gpstore.py                           1           0  0.11s           2023-12-04T17:45:44
================================================================================
[2023-12-04T22:46:19.017+0500] {manager.py:887} INFO - 
================================================================================
DAG File Processing Stats

File Path                                            PID    Runtime      # DAGs    # Errors  Last Runtime    Last Run
---------------------------------------------------  -----  ---------  --------  ----------  --------------  -------------------
/home/art/gitprj/MLopsXFlow/airflow/dags/gpstore.py                           1           0  0.60s           2023-12-04T17:46:15
================================================================================
[2023-12-04T22:46:47.063+0500] {manager.py:887} INFO - 
================================================================================
DAG File Processing Stats

File Path                                            PID    Runtime      # DAGs    # Errors  Last Runtime    Last Run
---------------------------------------------------  -----  ---------  --------  ----------  --------------  -------------------
/home/art/gitprj/MLopsXFlow/airflow/dags/gpstore.py                           1           0  0.10s           2023-12-04T17:46:46
================================================================================
[2023-12-04T22:47:14.491+0500] {manager.py:887} INFO - 
================================================================================
DAG File Processing Stats

File Path                                            PID    Runtime      # DAGs    # Errors  Last Runtime    Last Run
---------------------------------------------------  -----  ---------  --------  ----------  --------------  -------------------
/home/art/gitprj/MLopsXFlow/airflow/dags/gpstore.py                           1           0  0.10s           2023-12-04T17:46:46
================================================================================
[2023-12-04T22:47:44.631+0500] {manager.py:887} INFO - 
================================================================================
DAG File Processing Stats

File Path                                            PID    Runtime      # DAGs    # Errors  Last Runtime    Last Run
---------------------------------------------------  -----  ---------  --------  ----------  --------------  -------------------
/home/art/gitprj/MLopsXFlow/airflow/dags/gpstore.py                           1           0  0.11s           2023-12-04T17:47:16
================================================================================
[2023-12-04T22:48:12.054+0500] {manager.py:887} INFO - 
================================================================================
DAG File Processing Stats

File Path                                            PID    Runtime      # DAGs    # Errors  Last Runtime    Last Run
---------------------------------------------------  -----  ---------  --------  ----------  --------------  -------------------
/home/art/gitprj/MLopsXFlow/airflow/dags/gpstore.py                           1           0  0.10s           2023-12-04T17:47:47
================================================================================
[2023-12-04T22:48:35.303+0500] {manager.py:755} INFO - Searching for files in /home/art/gitprj/MLopsXFlow/airflow/dags
[2023-12-04T22:48:35.304+0500] {manager.py:758} INFO - There are 1 files in /home/art/gitprj/MLopsXFlow/airflow/dags
[2023-12-04T22:48:39.449+0500] {manager.py:887} INFO - 
================================================================================
DAG File Processing Stats

File Path                                            PID    Runtime      # DAGs    # Errors  Last Runtime    Last Run
---------------------------------------------------  -----  ---------  --------  ----------  --------------  -------------------
/home/art/gitprj/MLopsXFlow/airflow/dags/gpstore.py                           1           0  0.10s           2023-12-04T17:48:17
================================================================================
[2023-12-04T22:49:06.908+0500] {manager.py:887} INFO - 
================================================================================
DAG File Processing Stats

File Path                                            PID    Runtime      # DAGs    # Errors  Last Runtime    Last Run
---------------------------------------------------  -----  ---------  --------  ----------  --------------  -------------------
/home/art/gitprj/MLopsXFlow/airflow/dags/gpstore.py                           1           0  0.10s           2023-12-04T17:48:47
================================================================================
[2023-12-04T22:49:34.400+0500] {manager.py:887} INFO - 
================================================================================
DAG File Processing Stats

File Path                                            PID    Runtime      # DAGs    # Errors  Last Runtime    Last Run
---------------------------------------------------  -----  ---------  --------  ----------  --------------  -------------------
/home/art/gitprj/MLopsXFlow/airflow/dags/gpstore.py                           1           0  0.10s           2023-12-04T17:49:18
================================================================================
[2023-12-04T22:50:01.918+0500] {manager.py:887} INFO - 
================================================================================
DAG File Processing Stats

File Path                                            PID    Runtime      # DAGs    # Errors  Last Runtime    Last Run
---------------------------------------------------  -----  ---------  --------  ----------  --------------  -------------------
/home/art/gitprj/MLopsXFlow/airflow/dags/gpstore.py                           1           0  0.10s           2023-12-04T17:49:48
================================================================================
[2023-12-04T22:50:29.426+0500] {manager.py:887} INFO - 
================================================================================
DAG File Processing Stats

File Path                                            PID    Runtime      # DAGs    # Errors  Last Runtime    Last Run
---------------------------------------------------  -----  ---------  --------  ----------  --------------  -------------------
/home/art/gitprj/MLopsXFlow/airflow/dags/gpstore.py                           1           0  0.10s           2023-12-04T17:50:19
================================================================================
[2023-12-04T22:50:56.922+0500] {manager.py:887} INFO - 
================================================================================
DAG File Processing Stats

File Path                                            PID    Runtime      # DAGs    # Errors  Last Runtime    Last Run
---------------------------------------------------  -----  ---------  --------  ----------  --------------  -------------------
/home/art/gitprj/MLopsXFlow/airflow/dags/gpstore.py                           1           0  0.10s           2023-12-04T17:50:49
================================================================================
[2023-12-04T22:51:24.430+0500] {manager.py:887} INFO - 
================================================================================
DAG File Processing Stats

File Path                                            PID    Runtime      # DAGs    # Errors  Last Runtime    Last Run
---------------------------------------------------  -----  ---------  --------  ----------  --------------  -------------------
/home/art/gitprj/MLopsXFlow/airflow/dags/gpstore.py                           1           0  0.10s           2023-12-04T17:51:20
================================================================================
[2023-12-04T22:51:52.047+0500] {manager.py:887} INFO - 
================================================================================
DAG File Processing Stats

File Path                                            PID    Runtime      # DAGs    # Errors  Last Runtime    Last Run
---------------------------------------------------  -----  ---------  --------  ----------  --------------  -------------------
/home/art/gitprj/MLopsXFlow/airflow/dags/gpstore.py                           1           0  0.10s           2023-12-04T17:51:51
================================================================================
[2023-12-04T22:52:19.442+0500] {manager.py:887} INFO - 
================================================================================
DAG File Processing Stats

File Path                                            PID    Runtime      # DAGs    # Errors  Last Runtime    Last Run
---------------------------------------------------  -----  ---------  --------  ----------  --------------  -------------------
/home/art/gitprj/MLopsXFlow/airflow/dags/gpstore.py                           1           0  0.10s           2023-12-04T17:51:51
================================================================================
[2023-12-04T22:52:47.030+0500] {manager.py:887} INFO - 
================================================================================
DAG File Processing Stats

File Path                                            PID    Runtime      # DAGs    # Errors  Last Runtime    Last Run
---------------------------------------------------  -----  ---------  --------  ----------  --------------  -------------------
/home/art/gitprj/MLopsXFlow/airflow/dags/gpstore.py                           1           0  0.10s           2023-12-04T17:52:21
================================================================================
[2023-12-04T22:53:14.565+0500] {manager.py:887} INFO - 
================================================================================
DAG File Processing Stats

File Path                                            PID    Runtime      # DAGs    # Errors  Last Runtime    Last Run
---------------------------------------------------  -----  ---------  --------  ----------  --------------  -------------------
/home/art/gitprj/MLopsXFlow/airflow/dags/gpstore.py                           1           0  0.10s           2023-12-04T17:52:51
================================================================================
[2023-12-04T22:53:35.712+0500] {manager.py:755} INFO - Searching for files in /home/art/gitprj/MLopsXFlow/airflow/dags
[2023-12-04T22:53:35.713+0500] {manager.py:758} INFO - There are 1 files in /home/art/gitprj/MLopsXFlow/airflow/dags
[2023-12-04T22:53:41.980+0500] {manager.py:887} INFO - 
================================================================================
DAG File Processing Stats

File Path                                            PID    Runtime      # DAGs    # Errors  Last Runtime    Last Run
---------------------------------------------------  -----  ---------  --------  ----------  --------------  -------------------
/home/art/gitprj/MLopsXFlow/airflow/dags/gpstore.py                           1           0  0.11s           2023-12-04T17:53:22
================================================================================
[2023-12-04T22:54:09.420+0500] {manager.py:887} INFO - 
================================================================================
DAG File Processing Stats

File Path                                            PID    Runtime      # DAGs    # Errors  Last Runtime    Last Run
---------------------------------------------------  -----  ---------  --------  ----------  --------------  -------------------
/home/art/gitprj/MLopsXFlow/airflow/dags/gpstore.py                           1           0  0.10s           2023-12-04T17:53:53
================================================================================
[2023-12-04T22:54:36.867+0500] {manager.py:887} INFO - 
================================================================================
DAG File Processing Stats

File Path                                            PID    Runtime      # DAGs    # Errors  Last Runtime    Last Run
---------------------------------------------------  -----  ---------  --------  ----------  --------------  -------------------
/home/art/gitprj/MLopsXFlow/airflow/dags/gpstore.py                           1           0  0.10s           2023-12-04T17:54:23
================================================================================
[2023-12-04T22:55:07.025+0500] {manager.py:887} INFO - 
================================================================================
DAG File Processing Stats

File Path                                            PID    Runtime      # DAGs    # Errors  Last Runtime    Last Run
---------------------------------------------------  -----  ---------  --------  ----------  --------------  -------------------
/home/art/gitprj/MLopsXFlow/airflow/dags/gpstore.py                           1           0  0.10s           2023-12-04T17:54:54
================================================================================
[2023-12-04T22:55:34.471+0500] {manager.py:887} INFO - 
================================================================================
DAG File Processing Stats

File Path                                            PID    Runtime      # DAGs    # Errors  Last Runtime    Last Run
---------------------------------------------------  -----  ---------  --------  ----------  --------------  -------------------
/home/art/gitprj/MLopsXFlow/airflow/dags/gpstore.py                           1           0  0.10s           2023-12-04T17:55:25
================================================================================
[2023-12-04T22:56:01.907+0500] {manager.py:887} INFO - 
================================================================================
DAG File Processing Stats

File Path                                            PID    Runtime      # DAGs    # Errors  Last Runtime    Last Run
---------------------------------------------------  -----  ---------  --------  ----------  --------------  -------------------
/home/art/gitprj/MLopsXFlow/airflow/dags/gpstore.py                           1           0  0.10s           2023-12-04T17:55:55
================================================================================
[2023-12-04T22:56:29.339+0500] {manager.py:887} INFO - 
================================================================================
DAG File Processing Stats

File Path                                            PID    Runtime      # DAGs    # Errors  Last Runtime    Last Run
---------------------------------------------------  -----  ---------  --------  ----------  --------------  -------------------
/home/art/gitprj/MLopsXFlow/airflow/dags/gpstore.py                           1           0  0.21s           2023-12-04T17:56:13
================================================================================
[2023-12-04T22:56:57.586+0500] {manager.py:887} INFO - 
================================================================================
DAG File Processing Stats

File Path                                            PID    Runtime      # DAGs    # Errors  Last Runtime    Last Run
---------------------------------------------------  -----  ---------  --------  ----------  --------------  -------------------
/home/art/gitprj/MLopsXFlow/airflow/dags/gpstore.py                           1           0  0.10s           2023-12-04T17:56:44
================================================================================
[2023-12-04T22:57:25.107+0500] {manager.py:887} INFO - 
================================================================================
DAG File Processing Stats

File Path                                            PID    Runtime      # DAGs    # Errors  Last Runtime    Last Run
---------------------------------------------------  -----  ---------  --------  ----------  --------------  -------------------
/home/art/gitprj/MLopsXFlow/airflow/dags/gpstore.py                           1           0  0.51s           2023-12-04T17:57:14
================================================================================
[2023-12-04T22:57:52.611+0500] {manager.py:887} INFO - 
================================================================================
DAG File Processing Stats

File Path                                            PID    Runtime      # DAGs    # Errors  Last Runtime    Last Run
---------------------------------------------------  -----  ---------  --------  ----------  --------------  -------------------
/home/art/gitprj/MLopsXFlow/airflow/dags/gpstore.py                           1           0  0.10s           2023-12-04T17:57:44
================================================================================
[2023-12-04T22:58:19.969+0500] {manager.py:887} INFO - 
================================================================================
DAG File Processing Stats

File Path                                            PID    Runtime      # DAGs    # Errors  Last Runtime    Last Run
---------------------------------------------------  -----  ---------  --------  ----------  --------------  -------------------
/home/art/gitprj/MLopsXFlow/airflow/dags/gpstore.py                           1           0  0.10s           2023-12-04T17:58:15
================================================================================
[2023-12-04T22:58:36.520+0500] {manager.py:755} INFO - Searching for files in /home/art/gitprj/MLopsXFlow/airflow/dags
[2023-12-04T22:58:36.522+0500] {manager.py:758} INFO - There are 1 files in /home/art/gitprj/MLopsXFlow/airflow/dags
[2023-12-04T22:58:47.330+0500] {manager.py:887} INFO - 
================================================================================
DAG File Processing Stats

File Path                                            PID    Runtime      # DAGs    # Errors  Last Runtime    Last Run
---------------------------------------------------  -----  ---------  --------  ----------  --------------  -------------------
/home/art/gitprj/MLopsXFlow/airflow/dags/gpstore.py                           1           0  0.10s           2023-12-04T17:58:45
================================================================================
[2023-12-04T22:59:14.686+0500] {manager.py:887} INFO - 
================================================================================
DAG File Processing Stats

File Path                                            PID    Runtime      # DAGs    # Errors  Last Runtime    Last Run
---------------------------------------------------  -----  ---------  --------  ----------  --------------  -------------------
/home/art/gitprj/MLopsXFlow/airflow/dags/gpstore.py                           1           0  0.10s           2023-12-04T17:58:45
================================================================================
[2023-12-04T22:59:42.044+0500] {manager.py:887} INFO - 
================================================================================
DAG File Processing Stats

File Path                                            PID    Runtime      # DAGs    # Errors  Last Runtime    Last Run
---------------------------------------------------  -----  ---------  --------  ----------  --------------  -------------------
/home/art/gitprj/MLopsXFlow/airflow/dags/gpstore.py                           1           0  0.10s           2023-12-04T17:59:15
================================================================================
[2023-12-04T23:00:09.404+0500] {manager.py:887} INFO - 
================================================================================
DAG File Processing Stats

File Path                                            PID    Runtime      # DAGs    # Errors  Last Runtime    Last Run
---------------------------------------------------  -----  ---------  --------  ----------  --------------  -------------------
/home/art/gitprj/MLopsXFlow/airflow/dags/gpstore.py                           1           0  0.11s           2023-12-04T17:59:46
================================================================================
[2023-12-04T23:00:36.707+0500] {manager.py:887} INFO - 
================================================================================
DAG File Processing Stats

File Path                                            PID    Runtime      # DAGs    # Errors  Last Runtime    Last Run
---------------------------------------------------  -----  ---------  --------  ----------  --------------  -------------------
/home/art/gitprj/MLopsXFlow/airflow/dags/gpstore.py                           1           0  0.10s           2023-12-04T18:00:17
================================================================================
[2023-12-04T23:01:04.125+0500] {manager.py:887} INFO - 
================================================================================
DAG File Processing Stats

File Path                                            PID    Runtime      # DAGs    # Errors  Last Runtime    Last Run
---------------------------------------------------  -----  ---------  --------  ----------  --------------  -------------------
/home/art/gitprj/MLopsXFlow/airflow/dags/gpstore.py                           1           0  0.10s           2023-12-04T18:00:47
================================================================================
[2023-12-04T23:01:31.481+0500] {manager.py:887} INFO - 
================================================================================
DAG File Processing Stats

File Path                                            PID    Runtime      # DAGs    # Errors  Last Runtime    Last Run
---------------------------------------------------  -----  ---------  --------  ----------  --------------  -------------------
/home/art/gitprj/MLopsXFlow/airflow/dags/gpstore.py                           1           0  0.10s           2023-12-04T18:01:18
================================================================================
[2023-12-04T23:02:01.553+0500] {manager.py:887} INFO - 
================================================================================
DAG File Processing Stats

File Path                                            PID    Runtime      # DAGs    # Errors  Last Runtime    Last Run
---------------------------------------------------  -----  ---------  --------  ----------  --------------  -------------------
/home/art/gitprj/MLopsXFlow/airflow/dags/gpstore.py                           1           0  0.10s           2023-12-04T18:01:48
================================================================================
[2023-12-04T23:02:28.883+0500] {manager.py:887} INFO - 
================================================================================
DAG File Processing Stats

File Path                                            PID    Runtime      # DAGs    # Errors  Last Runtime    Last Run
---------------------------------------------------  -----  ---------  --------  ----------  --------------  -------------------
/home/art/gitprj/MLopsXFlow/airflow/dags/gpstore.py                           1           0  0.10s           2023-12-04T18:02:19
================================================================================
[2023-12-04T23:02:56.217+0500] {manager.py:887} INFO - 
================================================================================
DAG File Processing Stats

File Path                                            PID    Runtime      # DAGs    # Errors  Last Runtime    Last Run
---------------------------------------------------  -----  ---------  --------  ----------  --------------  -------------------
/home/art/gitprj/MLopsXFlow/airflow/dags/gpstore.py                           1           0  0.20s           2023-12-04T18:02:53
================================================================================
[2023-12-04T23:03:25.623+0500] {manager.py:887} INFO - 
================================================================================
DAG File Processing Stats

File Path                                            PID    Runtime      # DAGs    # Errors  Last Runtime    Last Run
---------------------------------------------------  -----  ---------  --------  ----------  --------------  -------------------
/home/art/gitprj/MLopsXFlow/airflow/dags/gpstore.py                           1           0  0.10s           2023-12-04T18:03:25
================================================================================
[2023-12-04T23:03:36.665+0500] {manager.py:755} INFO - Searching for files in /home/art/gitprj/MLopsXFlow/airflow/dags
[2023-12-04T23:03:36.667+0500] {manager.py:758} INFO - There are 1 files in /home/art/gitprj/MLopsXFlow/airflow/dags
[2023-12-04T23:03:53.849+0500] {manager.py:887} INFO - 
================================================================================
DAG File Processing Stats

File Path                                            PID    Runtime      # DAGs    # Errors  Last Runtime    Last Run
---------------------------------------------------  -----  ---------  --------  ----------  --------------  -------------------
/home/art/gitprj/MLopsXFlow/airflow/dags/gpstore.py                           1           0  0.10s           2023-12-04T18:03:25
================================================================================
[2023-12-04T23:04:21.215+0500] {manager.py:887} INFO - 
================================================================================
DAG File Processing Stats

File Path                                            PID    Runtime      # DAGs    # Errors  Last Runtime    Last Run
---------------------------------------------------  -----  ---------  --------  ----------  --------------  -------------------
/home/art/gitprj/MLopsXFlow/airflow/dags/gpstore.py                           1           0  0.11s           2023-12-04T18:03:55
================================================================================
[2023-12-04T23:04:48.566+0500] {manager.py:887} INFO - 
================================================================================
DAG File Processing Stats

File Path                                            PID    Runtime      # DAGs    # Errors  Last Runtime    Last Run
---------------------------------------------------  -----  ---------  --------  ----------  --------------  -------------------
/home/art/gitprj/MLopsXFlow/airflow/dags/gpstore.py                           1           0  0.10s           2023-12-04T18:04:26
================================================================================
[2023-12-04T23:05:15.919+0500] {manager.py:887} INFO - 
================================================================================
DAG File Processing Stats

File Path                                            PID    Runtime      # DAGs    # Errors  Last Runtime    Last Run
---------------------------------------------------  -----  ---------  --------  ----------  --------------  -------------------
/home/art/gitprj/MLopsXFlow/airflow/dags/gpstore.py                           1           0  0.10s           2023-12-04T18:04:57
================================================================================
[2023-12-04T23:05:43.281+0500] {manager.py:887} INFO - 
================================================================================
DAG File Processing Stats

File Path                                            PID    Runtime      # DAGs    # Errors  Last Runtime    Last Run
---------------------------------------------------  -----  ---------  --------  ----------  --------------  -------------------
/home/art/gitprj/MLopsXFlow/airflow/dags/gpstore.py                           1           0  0.10s           2023-12-04T18:05:27
================================================================================
[2023-12-04T23:06:10.630+0500] {manager.py:887} INFO - 
================================================================================
DAG File Processing Stats

File Path                                            PID    Runtime      # DAGs    # Errors  Last Runtime    Last Run
---------------------------------------------------  -----  ---------  --------  ----------  --------------  -------------------
/home/art/gitprj/MLopsXFlow/airflow/dags/gpstore.py                           1           0  0.10s           2023-12-04T18:05:57
================================================================================
[2023-12-04T23:06:37.985+0500] {manager.py:887} INFO - 
================================================================================
DAG File Processing Stats

File Path                                            PID    Runtime      # DAGs    # Errors  Last Runtime    Last Run
---------------------------------------------------  -----  ---------  --------  ----------  --------------  -------------------
/home/art/gitprj/MLopsXFlow/airflow/dags/gpstore.py                           1           0  0.10s           2023-12-04T18:06:28
================================================================================
[2023-12-04T23:07:07.977+0500] {manager.py:887} INFO - 
================================================================================
DAG File Processing Stats

File Path                                            PID    Runtime      # DAGs    # Errors  Last Runtime    Last Run
---------------------------------------------------  -----  ---------  --------  ----------  --------------  -------------------
/home/art/gitprj/MLopsXFlow/airflow/dags/gpstore.py                           1           0  0.21s           2023-12-04T18:06:45
================================================================================
[2023-12-04T23:07:38.827+0500] {manager.py:887} INFO - 
================================================================================
DAG File Processing Stats

File Path                                            PID    Runtime      # DAGs    # Errors  Last Runtime    Last Run
---------------------------------------------------  -----  ---------  --------  ----------  --------------  -------------------
/home/art/gitprj/MLopsXFlow/airflow/dags/gpstore.py                           1           0  0.10s           2023-12-04T18:07:25
================================================================================
[2023-12-04T23:08:06.148+0500] {manager.py:887} INFO - 
================================================================================
DAG File Processing Stats

File Path                                            PID    Runtime      # DAGs    # Errors  Last Runtime    Last Run
---------------------------------------------------  -----  ---------  --------  ----------  --------------  -------------------
/home/art/gitprj/MLopsXFlow/airflow/dags/gpstore.py                           1           0  0.11s           2023-12-04T18:07:56
================================================================================
[2023-12-04T23:08:35.029+0500] {manager.py:887} INFO - 
================================================================================
DAG File Processing Stats

File Path                                            PID    Runtime      # DAGs    # Errors  Last Runtime    Last Run
---------------------------------------------------  -----  ---------  --------  ----------  --------------  -------------------
/home/art/gitprj/MLopsXFlow/airflow/dags/gpstore.py                           1           0  0.10s           2023-12-04T18:08:27
================================================================================
[2023-12-04T23:08:37.259+0500] {manager.py:755} INFO - Searching for files in /home/art/gitprj/MLopsXFlow/airflow/dags
[2023-12-04T23:08:37.260+0500] {manager.py:758} INFO - There are 1 files in /home/art/gitprj/MLopsXFlow/airflow/dags
[2023-12-04T23:09:02.351+0500] {manager.py:887} INFO - 
================================================================================
DAG File Processing Stats

File Path                                            PID    Runtime      # DAGs    # Errors  Last Runtime    Last Run
---------------------------------------------------  -----  ---------  --------  ----------  --------------  -------------------
/home/art/gitprj/MLopsXFlow/airflow/dags/gpstore.py                           1           0  0.10s           2023-12-04T18:08:57
================================================================================
