[2023-12-04T22:06:31.151+0500] {processor.py:157} INFO - Started process (PID=2382) to work on /home/art/gitprj/MLopsXFlow/airflow/dags/gpstore.py
[2023-12-04T22:06:31.152+0500] {processor.py:829} INFO - Processing file /home/art/gitprj/MLopsXFlow/airflow/dags/gpstore.py for tasks to queue
[2023-12-04T22:06:31.152+0500] {logging_mixin.py:154} INFO - [2023-12-04T22:06:31.152+0500] {dagbag.py:536} INFO - Filling up the DagBag from /home/art/gitprj/MLopsXFlow/airflow/dags/gpstore.py
[2023-12-04T22:06:31.154+0500] {logging_mixin.py:154} INFO - [2023-12-04T22:06:31.153+0500] {dagbag.py:346} ERROR - Failed to import: /home/art/gitprj/MLopsXFlow/airflow/dags/gpstore.py
Traceback (most recent call last):
  File "/home/art/gitprj/MLopsXFlow/flowvenv/lib/python3.11/site-packages/airflow/models/dagbag.py", line 342, in parse
    loader.exec_module(new_module)
  File "<frozen importlib._bootstrap_external>", line 936, in exec_module
  File "<frozen importlib._bootstrap_external>", line 1074, in get_code
  File "<frozen importlib._bootstrap_external>", line 1004, in source_to_code
  File "<frozen importlib._bootstrap>", line 241, in _call_with_frames_removed
  File "/home/art/gitprj/MLopsXFlow/airflow/dags/gpstore.py", line 7
        'owner': 'admin',
    ^
SyntaxError: invalid non-printable character U+00A0
[2023-12-04T22:06:31.154+0500] {processor.py:841} WARNING - No viable dags retrieved from /home/art/gitprj/MLopsXFlow/airflow/dags/gpstore.py
[2023-12-04T22:06:31.173+0500] {processor.py:179} INFO - Processing /home/art/gitprj/MLopsXFlow/airflow/dags/gpstore.py took 0.023 seconds
[2023-12-04T22:07:01.596+0500] {processor.py:157} INFO - Started process (PID=2395) to work on /home/art/gitprj/MLopsXFlow/airflow/dags/gpstore.py
[2023-12-04T22:07:01.597+0500] {processor.py:829} INFO - Processing file /home/art/gitprj/MLopsXFlow/airflow/dags/gpstore.py for tasks to queue
[2023-12-04T22:07:01.597+0500] {logging_mixin.py:154} INFO - [2023-12-04T22:07:01.597+0500] {dagbag.py:536} INFO - Filling up the DagBag from /home/art/gitprj/MLopsXFlow/airflow/dags/gpstore.py
[2023-12-04T22:07:01.599+0500] {logging_mixin.py:154} INFO - [2023-12-04T22:07:01.598+0500] {dagbag.py:346} ERROR - Failed to import: /home/art/gitprj/MLopsXFlow/airflow/dags/gpstore.py
Traceback (most recent call last):
  File "/home/art/gitprj/MLopsXFlow/flowvenv/lib/python3.11/site-packages/airflow/models/dagbag.py", line 342, in parse
    loader.exec_module(new_module)
  File "<frozen importlib._bootstrap_external>", line 936, in exec_module
  File "<frozen importlib._bootstrap_external>", line 1074, in get_code
  File "<frozen importlib._bootstrap_external>", line 1004, in source_to_code
  File "<frozen importlib._bootstrap>", line 241, in _call_with_frames_removed
  File "/home/art/gitprj/MLopsXFlow/airflow/dags/gpstore.py", line 7
        'owner': 'admin',
    ^
SyntaxError: invalid non-printable character U+00A0
[2023-12-04T22:07:01.600+0500] {processor.py:841} WARNING - No viable dags retrieved from /home/art/gitprj/MLopsXFlow/airflow/dags/gpstore.py
[2023-12-04T22:07:01.615+0500] {processor.py:179} INFO - Processing /home/art/gitprj/MLopsXFlow/airflow/dags/gpstore.py took 0.021 seconds
[2023-12-04T22:08:30.809+0500] {processor.py:157} INFO - Started process (PID=2474) to work on /home/art/gitprj/MLopsXFlow/airflow/dags/gpstore.py
[2023-12-04T22:08:30.810+0500] {processor.py:829} INFO - Processing file /home/art/gitprj/MLopsXFlow/airflow/dags/gpstore.py for tasks to queue
[2023-12-04T22:08:30.810+0500] {logging_mixin.py:154} INFO - [2023-12-04T22:08:30.810+0500] {dagbag.py:536} INFO - Filling up the DagBag from /home/art/gitprj/MLopsXFlow/airflow/dags/gpstore.py
[2023-12-04T22:08:30.812+0500] {logging_mixin.py:154} INFO - [2023-12-04T22:08:30.811+0500] {dagbag.py:346} ERROR - Failed to import: /home/art/gitprj/MLopsXFlow/airflow/dags/gpstore.py
Traceback (most recent call last):
  File "/home/art/gitprj/MLopsXFlow/flowvenv/lib/python3.11/site-packages/airflow/models/dagbag.py", line 342, in parse
    loader.exec_module(new_module)
  File "<frozen importlib._bootstrap_external>", line 936, in exec_module
  File "<frozen importlib._bootstrap_external>", line 1074, in get_code
  File "<frozen importlib._bootstrap_external>", line 1004, in source_to_code
  File "<frozen importlib._bootstrap>", line 241, in _call_with_frames_removed
  File "/home/art/gitprj/MLopsXFlow/airflow/dags/gpstore.py", line 16
        dag_id='gpstore',
    ^
SyntaxError: invalid non-printable character U+00A0
[2023-12-04T22:08:30.812+0500] {processor.py:841} WARNING - No viable dags retrieved from /home/art/gitprj/MLopsXFlow/airflow/dags/gpstore.py
[2023-12-04T22:08:30.828+0500] {processor.py:179} INFO - Processing /home/art/gitprj/MLopsXFlow/airflow/dags/gpstore.py took 0.021 seconds
[2023-12-04T22:09:01.226+0500] {processor.py:157} INFO - Started process (PID=2516) to work on /home/art/gitprj/MLopsXFlow/airflow/dags/gpstore.py
[2023-12-04T22:09:01.227+0500] {processor.py:829} INFO - Processing file /home/art/gitprj/MLopsXFlow/airflow/dags/gpstore.py for tasks to queue
[2023-12-04T22:09:01.227+0500] {logging_mixin.py:154} INFO - [2023-12-04T22:09:01.227+0500] {dagbag.py:536} INFO - Filling up the DagBag from /home/art/gitprj/MLopsXFlow/airflow/dags/gpstore.py
[2023-12-04T22:09:01.230+0500] {logging_mixin.py:154} INFO - [2023-12-04T22:09:01.229+0500] {dagbag.py:346} ERROR - Failed to import: /home/art/gitprj/MLopsXFlow/airflow/dags/gpstore.py
Traceback (most recent call last):
  File "/home/art/gitprj/MLopsXFlow/flowvenv/lib/python3.11/site-packages/airflow/models/dagbag.py", line 342, in parse
    loader.exec_module(new_module)
  File "<frozen importlib._bootstrap_external>", line 936, in exec_module
  File "<frozen importlib._bootstrap_external>", line 1074, in get_code
  File "<frozen importlib._bootstrap_external>", line 1004, in source_to_code
  File "<frozen importlib._bootstrap>", line 241, in _call_with_frames_removed
  File "/home/art/gitprj/MLopsXFlow/airflow/dags/gpstore.py", line 16
        dag_id='gpstore',
    ^
SyntaxError: invalid non-printable character U+00A0
[2023-12-04T22:09:01.230+0500] {processor.py:841} WARNING - No viable dags retrieved from /home/art/gitprj/MLopsXFlow/airflow/dags/gpstore.py
[2023-12-04T22:09:01.245+0500] {processor.py:179} INFO - Processing /home/art/gitprj/MLopsXFlow/airflow/dags/gpstore.py took 0.020 seconds
[2023-12-04T22:09:31.619+0500] {processor.py:157} INFO - Started process (PID=2521) to work on /home/art/gitprj/MLopsXFlow/airflow/dags/gpstore.py
[2023-12-04T22:09:31.619+0500] {processor.py:829} INFO - Processing file /home/art/gitprj/MLopsXFlow/airflow/dags/gpstore.py for tasks to queue
[2023-12-04T22:09:31.620+0500] {logging_mixin.py:154} INFO - [2023-12-04T22:09:31.620+0500] {dagbag.py:536} INFO - Filling up the DagBag from /home/art/gitprj/MLopsXFlow/airflow/dags/gpstore.py
[2023-12-04T22:09:31.622+0500] {logging_mixin.py:154} INFO - [2023-12-04T22:09:31.621+0500] {dagbag.py:346} ERROR - Failed to import: /home/art/gitprj/MLopsXFlow/airflow/dags/gpstore.py
Traceback (most recent call last):
  File "/home/art/gitprj/MLopsXFlow/flowvenv/lib/python3.11/site-packages/airflow/models/dagbag.py", line 342, in parse
    loader.exec_module(new_module)
  File "<frozen importlib._bootstrap_external>", line 936, in exec_module
  File "<frozen importlib._bootstrap_external>", line 1074, in get_code
  File "<frozen importlib._bootstrap_external>", line 1004, in source_to_code
  File "<frozen importlib._bootstrap>", line 241, in _call_with_frames_removed
  File "/home/art/gitprj/MLopsXFlow/airflow/dags/gpstore.py", line 16
        dag_id='gpstore',
    ^
SyntaxError: invalid non-printable character U+00A0
[2023-12-04T22:09:31.622+0500] {processor.py:841} WARNING - No viable dags retrieved from /home/art/gitprj/MLopsXFlow/airflow/dags/gpstore.py
[2023-12-04T22:09:31.636+0500] {processor.py:179} INFO - Processing /home/art/gitprj/MLopsXFlow/airflow/dags/gpstore.py took 0.019 seconds
[2023-12-04T22:10:02.152+0500] {processor.py:157} INFO - Started process (PID=2526) to work on /home/art/gitprj/MLopsXFlow/airflow/dags/gpstore.py
[2023-12-04T22:10:02.152+0500] {processor.py:829} INFO - Processing file /home/art/gitprj/MLopsXFlow/airflow/dags/gpstore.py for tasks to queue
[2023-12-04T22:10:02.153+0500] {logging_mixin.py:154} INFO - [2023-12-04T22:10:02.153+0500] {dagbag.py:536} INFO - Filling up the DagBag from /home/art/gitprj/MLopsXFlow/airflow/dags/gpstore.py
[2023-12-04T22:10:02.155+0500] {logging_mixin.py:154} INFO - [2023-12-04T22:10:02.154+0500] {dagbag.py:346} ERROR - Failed to import: /home/art/gitprj/MLopsXFlow/airflow/dags/gpstore.py
Traceback (most recent call last):
  File "/home/art/gitprj/MLopsXFlow/flowvenv/lib/python3.11/site-packages/airflow/models/dagbag.py", line 342, in parse
    loader.exec_module(new_module)
  File "<frozen importlib._bootstrap_external>", line 936, in exec_module
  File "<frozen importlib._bootstrap_external>", line 1074, in get_code
  File "<frozen importlib._bootstrap_external>", line 1004, in source_to_code
  File "<frozen importlib._bootstrap>", line 241, in _call_with_frames_removed
  File "/home/art/gitprj/MLopsXFlow/airflow/dags/gpstore.py", line 16
        dag_id='gpstore',
    ^
SyntaxError: invalid non-printable character U+00A0
[2023-12-04T22:10:02.155+0500] {processor.py:841} WARNING - No viable dags retrieved from /home/art/gitprj/MLopsXFlow/airflow/dags/gpstore.py
[2023-12-04T22:10:02.172+0500] {processor.py:179} INFO - Processing /home/art/gitprj/MLopsXFlow/airflow/dags/gpstore.py took 0.022 seconds
[2023-12-04T22:10:32.572+0500] {processor.py:157} INFO - Started process (PID=2530) to work on /home/art/gitprj/MLopsXFlow/airflow/dags/gpstore.py
[2023-12-04T22:10:32.573+0500] {processor.py:829} INFO - Processing file /home/art/gitprj/MLopsXFlow/airflow/dags/gpstore.py for tasks to queue
[2023-12-04T22:10:32.573+0500] {logging_mixin.py:154} INFO - [2023-12-04T22:10:32.573+0500] {dagbag.py:536} INFO - Filling up the DagBag from /home/art/gitprj/MLopsXFlow/airflow/dags/gpstore.py
[2023-12-04T22:10:32.575+0500] {logging_mixin.py:154} INFO - [2023-12-04T22:10:32.574+0500] {dagbag.py:346} ERROR - Failed to import: /home/art/gitprj/MLopsXFlow/airflow/dags/gpstore.py
Traceback (most recent call last):
  File "/home/art/gitprj/MLopsXFlow/flowvenv/lib/python3.11/site-packages/airflow/models/dagbag.py", line 342, in parse
    loader.exec_module(new_module)
  File "<frozen importlib._bootstrap_external>", line 936, in exec_module
  File "<frozen importlib._bootstrap_external>", line 1074, in get_code
  File "<frozen importlib._bootstrap_external>", line 1004, in source_to_code
  File "<frozen importlib._bootstrap>", line 241, in _call_with_frames_removed
  File "/home/art/gitprj/MLopsXFlow/airflow/dags/gpstore.py", line 16
        dag_id='gpstore',
    ^
SyntaxError: invalid non-printable character U+00A0
[2023-12-04T22:10:32.575+0500] {processor.py:841} WARNING - No viable dags retrieved from /home/art/gitprj/MLopsXFlow/airflow/dags/gpstore.py
[2023-12-04T22:10:32.590+0500] {processor.py:179} INFO - Processing /home/art/gitprj/MLopsXFlow/airflow/dags/gpstore.py took 0.019 seconds
[2023-12-04T22:10:55.999+0500] {processor.py:157} INFO - Started process (PID=2538) to work on /home/art/gitprj/MLopsXFlow/airflow/dags/gpstore.py
[2023-12-04T22:10:55.999+0500] {processor.py:829} INFO - Processing file /home/art/gitprj/MLopsXFlow/airflow/dags/gpstore.py for tasks to queue
[2023-12-04T22:10:56.000+0500] {logging_mixin.py:154} INFO - [2023-12-04T22:10:55.999+0500] {dagbag.py:536} INFO - Filling up the DagBag from /home/art/gitprj/MLopsXFlow/airflow/dags/gpstore.py
[2023-12-04T22:10:56.007+0500] {processor.py:839} INFO - DAG(s) dict_keys(['gpstore']) retrieved from /home/art/gitprj/MLopsXFlow/airflow/dags/gpstore.py
[2023-12-04T22:10:56.071+0500] {logging_mixin.py:154} INFO - [2023-12-04T22:10:56.071+0500] {manager.py:499} INFO - Created Permission View: %s
[2023-12-04T22:10:56.082+0500] {logging_mixin.py:154} INFO - [2023-12-04T22:10:56.082+0500] {manager.py:499} INFO - Created Permission View: %s
[2023-12-04T22:10:56.091+0500] {logging_mixin.py:154} INFO - [2023-12-04T22:10:56.091+0500] {manager.py:499} INFO - Created Permission View: %s
[2023-12-04T22:10:56.091+0500] {logging_mixin.py:154} INFO - [2023-12-04T22:10:56.091+0500] {dag.py:2941} INFO - Sync 1 DAGs
[2023-12-04T22:10:56.096+0500] {logging_mixin.py:154} INFO - [2023-12-04T22:10:56.095+0500] {dag.py:2963} INFO - Creating ORM DAG for gpstore
[2023-12-04T22:10:56.096+0500] {logging_mixin.py:154} INFO - [2023-12-04T22:10:56.096+0500] {dag.py:3722} INFO - Setting next_dagrun for gpstore to None, run_after=None
[2023-12-04T22:10:56.117+0500] {processor.py:179} INFO - Processing /home/art/gitprj/MLopsXFlow/airflow/dags/gpstore.py took 0.120 seconds
[2023-12-04T22:11:03.985+0500] {processor.py:157} INFO - Started process (PID=2541) to work on /home/art/gitprj/MLopsXFlow/airflow/dags/gpstore.py
[2023-12-04T22:11:03.986+0500] {processor.py:829} INFO - Processing file /home/art/gitprj/MLopsXFlow/airflow/dags/gpstore.py for tasks to queue
[2023-12-04T22:11:03.986+0500] {logging_mixin.py:154} INFO - [2023-12-04T22:11:03.986+0500] {dagbag.py:536} INFO - Filling up the DagBag from /home/art/gitprj/MLopsXFlow/airflow/dags/gpstore.py
[2023-12-04T22:11:03.994+0500] {processor.py:839} INFO - DAG(s) dict_keys(['gpstore']) retrieved from /home/art/gitprj/MLopsXFlow/airflow/dags/gpstore.py
[2023-12-04T22:11:03.999+0500] {logging_mixin.py:154} INFO - [2023-12-04T22:11:03.999+0500] {dag.py:2941} INFO - Sync 1 DAGs
[2023-12-04T22:11:04.006+0500] {logging_mixin.py:154} INFO - [2023-12-04T22:11:04.006+0500] {dag.py:3722} INFO - Setting next_dagrun for gpstore to None, run_after=None
[2023-12-04T22:11:04.023+0500] {processor.py:179} INFO - Processing /home/art/gitprj/MLopsXFlow/airflow/dags/gpstore.py took 0.039 seconds
[2023-12-04T22:11:34.608+0500] {processor.py:157} INFO - Started process (PID=2554) to work on /home/art/gitprj/MLopsXFlow/airflow/dags/gpstore.py
[2023-12-04T22:11:34.609+0500] {processor.py:829} INFO - Processing file /home/art/gitprj/MLopsXFlow/airflow/dags/gpstore.py for tasks to queue
[2023-12-04T22:11:34.610+0500] {logging_mixin.py:154} INFO - [2023-12-04T22:11:34.609+0500] {dagbag.py:536} INFO - Filling up the DagBag from /home/art/gitprj/MLopsXFlow/airflow/dags/gpstore.py
[2023-12-04T22:11:34.616+0500] {processor.py:839} INFO - DAG(s) dict_keys(['gpstore']) retrieved from /home/art/gitprj/MLopsXFlow/airflow/dags/gpstore.py
[2023-12-04T22:11:34.628+0500] {logging_mixin.py:154} INFO - [2023-12-04T22:11:34.628+0500] {dag.py:2941} INFO - Sync 1 DAGs
[2023-12-04T22:11:34.634+0500] {logging_mixin.py:154} INFO - [2023-12-04T22:11:34.634+0500] {dag.py:3722} INFO - Setting next_dagrun for gpstore to None, run_after=None
[2023-12-04T22:11:34.651+0500] {processor.py:179} INFO - Processing /home/art/gitprj/MLopsXFlow/airflow/dags/gpstore.py took 0.044 seconds
[2023-12-04T22:12:05.271+0500] {processor.py:157} INFO - Started process (PID=2600) to work on /home/art/gitprj/MLopsXFlow/airflow/dags/gpstore.py
[2023-12-04T22:12:05.272+0500] {processor.py:829} INFO - Processing file /home/art/gitprj/MLopsXFlow/airflow/dags/gpstore.py for tasks to queue
[2023-12-04T22:12:05.272+0500] {logging_mixin.py:154} INFO - [2023-12-04T22:12:05.272+0500] {dagbag.py:536} INFO - Filling up the DagBag from /home/art/gitprj/MLopsXFlow/airflow/dags/gpstore.py
[2023-12-04T22:12:05.280+0500] {processor.py:839} INFO - DAG(s) dict_keys(['gpstore']) retrieved from /home/art/gitprj/MLopsXFlow/airflow/dags/gpstore.py
[2023-12-04T22:12:05.294+0500] {logging_mixin.py:154} INFO - [2023-12-04T22:12:05.294+0500] {dag.py:2941} INFO - Sync 1 DAGs
[2023-12-04T22:12:05.300+0500] {logging_mixin.py:154} INFO - [2023-12-04T22:12:05.300+0500] {dag.py:3722} INFO - Setting next_dagrun for gpstore to None, run_after=None
[2023-12-04T22:12:05.316+0500] {processor.py:179} INFO - Processing /home/art/gitprj/MLopsXFlow/airflow/dags/gpstore.py took 0.047 seconds
[2023-12-04T22:12:35.936+0500] {processor.py:157} INFO - Started process (PID=2619) to work on /home/art/gitprj/MLopsXFlow/airflow/dags/gpstore.py
[2023-12-04T22:12:35.936+0500] {processor.py:829} INFO - Processing file /home/art/gitprj/MLopsXFlow/airflow/dags/gpstore.py for tasks to queue
[2023-12-04T22:12:35.937+0500] {logging_mixin.py:154} INFO - [2023-12-04T22:12:35.936+0500] {dagbag.py:536} INFO - Filling up the DagBag from /home/art/gitprj/MLopsXFlow/airflow/dags/gpstore.py
[2023-12-04T22:12:35.944+0500] {processor.py:839} INFO - DAG(s) dict_keys(['gpstore']) retrieved from /home/art/gitprj/MLopsXFlow/airflow/dags/gpstore.py
[2023-12-04T22:12:35.956+0500] {logging_mixin.py:154} INFO - [2023-12-04T22:12:35.956+0500] {dag.py:2941} INFO - Sync 1 DAGs
[2023-12-04T22:12:35.961+0500] {logging_mixin.py:154} INFO - [2023-12-04T22:12:35.961+0500] {dag.py:3722} INFO - Setting next_dagrun for gpstore to None, run_after=None
[2023-12-04T22:12:35.976+0500] {processor.py:179} INFO - Processing /home/art/gitprj/MLopsXFlow/airflow/dags/gpstore.py took 0.043 seconds
[2023-12-04T22:13:06.103+0500] {processor.py:157} INFO - Started process (PID=2646) to work on /home/art/gitprj/MLopsXFlow/airflow/dags/gpstore.py
[2023-12-04T22:13:06.104+0500] {processor.py:829} INFO - Processing file /home/art/gitprj/MLopsXFlow/airflow/dags/gpstore.py for tasks to queue
[2023-12-04T22:13:06.104+0500] {logging_mixin.py:154} INFO - [2023-12-04T22:13:06.104+0500] {dagbag.py:536} INFO - Filling up the DagBag from /home/art/gitprj/MLopsXFlow/airflow/dags/gpstore.py
[2023-12-04T22:13:06.112+0500] {processor.py:839} INFO - DAG(s) dict_keys(['gpstore']) retrieved from /home/art/gitprj/MLopsXFlow/airflow/dags/gpstore.py
[2023-12-04T22:13:06.124+0500] {logging_mixin.py:154} INFO - [2023-12-04T22:13:06.124+0500] {dag.py:2941} INFO - Sync 1 DAGs
[2023-12-04T22:13:06.130+0500] {logging_mixin.py:154} INFO - [2023-12-04T22:13:06.130+0500] {dag.py:3722} INFO - Setting next_dagrun for gpstore to None, run_after=None
[2023-12-04T22:13:06.146+0500] {processor.py:179} INFO - Processing /home/art/gitprj/MLopsXFlow/airflow/dags/gpstore.py took 0.044 seconds
[2023-12-04T22:13:36.313+0500] {processor.py:157} INFO - Started process (PID=2689) to work on /home/art/gitprj/MLopsXFlow/airflow/dags/gpstore.py
[2023-12-04T22:13:36.313+0500] {processor.py:829} INFO - Processing file /home/art/gitprj/MLopsXFlow/airflow/dags/gpstore.py for tasks to queue
[2023-12-04T22:13:36.314+0500] {logging_mixin.py:154} INFO - [2023-12-04T22:13:36.313+0500] {dagbag.py:536} INFO - Filling up the DagBag from /home/art/gitprj/MLopsXFlow/airflow/dags/gpstore.py
[2023-12-04T22:13:36.321+0500] {processor.py:839} INFO - DAG(s) dict_keys(['gpstore']) retrieved from /home/art/gitprj/MLopsXFlow/airflow/dags/gpstore.py
[2023-12-04T22:13:36.333+0500] {logging_mixin.py:154} INFO - [2023-12-04T22:13:36.333+0500] {dag.py:2941} INFO - Sync 1 DAGs
[2023-12-04T22:13:36.339+0500] {logging_mixin.py:154} INFO - [2023-12-04T22:13:36.339+0500] {dag.py:3722} INFO - Setting next_dagrun for gpstore to None, run_after=None
[2023-12-04T22:13:36.356+0500] {processor.py:179} INFO - Processing /home/art/gitprj/MLopsXFlow/airflow/dags/gpstore.py took 0.045 seconds
[2023-12-04T22:14:06.708+0500] {processor.py:157} INFO - Started process (PID=2796) to work on /home/art/gitprj/MLopsXFlow/airflow/dags/gpstore.py
[2023-12-04T22:14:06.728+0500] {processor.py:829} INFO - Processing file /home/art/gitprj/MLopsXFlow/airflow/dags/gpstore.py for tasks to queue
[2023-12-04T22:14:06.728+0500] {logging_mixin.py:154} INFO - [2023-12-04T22:14:06.728+0500] {dagbag.py:536} INFO - Filling up the DagBag from /home/art/gitprj/MLopsXFlow/airflow/dags/gpstore.py
[2023-12-04T22:14:06.736+0500] {processor.py:839} INFO - DAG(s) dict_keys(['gpstore']) retrieved from /home/art/gitprj/MLopsXFlow/airflow/dags/gpstore.py
[2023-12-04T22:14:06.749+0500] {logging_mixin.py:154} INFO - [2023-12-04T22:14:06.748+0500] {dag.py:2941} INFO - Sync 1 DAGs
[2023-12-04T22:14:06.754+0500] {logging_mixin.py:154} INFO - [2023-12-04T22:14:06.754+0500] {dag.py:3722} INFO - Setting next_dagrun for gpstore to None, run_after=None
[2023-12-04T22:14:06.770+0500] {processor.py:179} INFO - Processing /home/art/gitprj/MLopsXFlow/airflow/dags/gpstore.py took 0.064 seconds
[2023-12-04T22:14:37.351+0500] {processor.py:157} INFO - Started process (PID=2806) to work on /home/art/gitprj/MLopsXFlow/airflow/dags/gpstore.py
[2023-12-04T22:14:37.351+0500] {processor.py:829} INFO - Processing file /home/art/gitprj/MLopsXFlow/airflow/dags/gpstore.py for tasks to queue
[2023-12-04T22:14:37.352+0500] {logging_mixin.py:154} INFO - [2023-12-04T22:14:37.352+0500] {dagbag.py:536} INFO - Filling up the DagBag from /home/art/gitprj/MLopsXFlow/airflow/dags/gpstore.py
[2023-12-04T22:14:37.359+0500] {processor.py:839} INFO - DAG(s) dict_keys(['gpstore']) retrieved from /home/art/gitprj/MLopsXFlow/airflow/dags/gpstore.py
[2023-12-04T22:14:37.373+0500] {logging_mixin.py:154} INFO - [2023-12-04T22:14:37.373+0500] {dag.py:2941} INFO - Sync 1 DAGs
[2023-12-04T22:14:37.380+0500] {logging_mixin.py:154} INFO - [2023-12-04T22:14:37.380+0500] {dag.py:3722} INFO - Setting next_dagrun for gpstore to None, run_after=None
[2023-12-04T22:14:37.397+0500] {processor.py:179} INFO - Processing /home/art/gitprj/MLopsXFlow/airflow/dags/gpstore.py took 0.048 seconds
[2023-12-04T22:15:07.764+0500] {processor.py:157} INFO - Started process (PID=2831) to work on /home/art/gitprj/MLopsXFlow/airflow/dags/gpstore.py
[2023-12-04T22:15:07.765+0500] {processor.py:829} INFO - Processing file /home/art/gitprj/MLopsXFlow/airflow/dags/gpstore.py for tasks to queue
[2023-12-04T22:15:07.766+0500] {logging_mixin.py:154} INFO - [2023-12-04T22:15:07.765+0500] {dagbag.py:536} INFO - Filling up the DagBag from /home/art/gitprj/MLopsXFlow/airflow/dags/gpstore.py
[2023-12-04T22:15:07.775+0500] {processor.py:839} INFO - DAG(s) dict_keys(['gpstore']) retrieved from /home/art/gitprj/MLopsXFlow/airflow/dags/gpstore.py
[2023-12-04T22:15:07.810+0500] {logging_mixin.py:154} INFO - [2023-12-04T22:15:07.810+0500] {dag.py:2941} INFO - Sync 1 DAGs
[2023-12-04T22:15:07.826+0500] {logging_mixin.py:154} INFO - [2023-12-04T22:15:07.826+0500] {dag.py:3722} INFO - Setting next_dagrun for gpstore to None, run_after=None
[2023-12-04T22:15:07.845+0500] {processor.py:179} INFO - Processing /home/art/gitprj/MLopsXFlow/airflow/dags/gpstore.py took 0.083 seconds
[2023-12-04T22:15:38.638+0500] {processor.py:157} INFO - Started process (PID=2842) to work on /home/art/gitprj/MLopsXFlow/airflow/dags/gpstore.py
[2023-12-04T22:15:38.639+0500] {processor.py:829} INFO - Processing file /home/art/gitprj/MLopsXFlow/airflow/dags/gpstore.py for tasks to queue
[2023-12-04T22:15:38.639+0500] {logging_mixin.py:154} INFO - [2023-12-04T22:15:38.639+0500] {dagbag.py:536} INFO - Filling up the DagBag from /home/art/gitprj/MLopsXFlow/airflow/dags/gpstore.py
[2023-12-04T22:15:38.646+0500] {processor.py:839} INFO - DAG(s) dict_keys(['gpstore']) retrieved from /home/art/gitprj/MLopsXFlow/airflow/dags/gpstore.py
[2023-12-04T22:15:38.659+0500] {logging_mixin.py:154} INFO - [2023-12-04T22:15:38.659+0500] {dag.py:2941} INFO - Sync 1 DAGs
[2023-12-04T22:15:38.665+0500] {logging_mixin.py:154} INFO - [2023-12-04T22:15:38.665+0500] {dag.py:3722} INFO - Setting next_dagrun for gpstore to None, run_after=None
[2023-12-04T22:15:38.682+0500] {processor.py:179} INFO - Processing /home/art/gitprj/MLopsXFlow/airflow/dags/gpstore.py took 0.046 seconds
[2023-12-04T22:16:08.975+0500] {processor.py:157} INFO - Started process (PID=2849) to work on /home/art/gitprj/MLopsXFlow/airflow/dags/gpstore.py
[2023-12-04T22:16:08.976+0500] {processor.py:829} INFO - Processing file /home/art/gitprj/MLopsXFlow/airflow/dags/gpstore.py for tasks to queue
[2023-12-04T22:16:08.976+0500] {logging_mixin.py:154} INFO - [2023-12-04T22:16:08.976+0500] {dagbag.py:536} INFO - Filling up the DagBag from /home/art/gitprj/MLopsXFlow/airflow/dags/gpstore.py
[2023-12-04T22:16:08.984+0500] {processor.py:839} INFO - DAG(s) dict_keys(['gpstore']) retrieved from /home/art/gitprj/MLopsXFlow/airflow/dags/gpstore.py
[2023-12-04T22:16:08.997+0500] {logging_mixin.py:154} INFO - [2023-12-04T22:16:08.997+0500] {dag.py:2941} INFO - Sync 1 DAGs
[2023-12-04T22:16:09.002+0500] {logging_mixin.py:154} INFO - [2023-12-04T22:16:09.002+0500] {dag.py:3722} INFO - Setting next_dagrun for gpstore to None, run_after=None
[2023-12-04T22:16:09.019+0500] {processor.py:179} INFO - Processing /home/art/gitprj/MLopsXFlow/airflow/dags/gpstore.py took 0.046 seconds
[2023-12-04T22:16:39.438+0500] {processor.py:157} INFO - Started process (PID=2858) to work on /home/art/gitprj/MLopsXFlow/airflow/dags/gpstore.py
[2023-12-04T22:16:39.439+0500] {processor.py:829} INFO - Processing file /home/art/gitprj/MLopsXFlow/airflow/dags/gpstore.py for tasks to queue
[2023-12-04T22:16:39.439+0500] {logging_mixin.py:154} INFO - [2023-12-04T22:16:39.439+0500] {dagbag.py:536} INFO - Filling up the DagBag from /home/art/gitprj/MLopsXFlow/airflow/dags/gpstore.py
[2023-12-04T22:16:39.446+0500] {processor.py:839} INFO - DAG(s) dict_keys(['gpstore']) retrieved from /home/art/gitprj/MLopsXFlow/airflow/dags/gpstore.py
[2023-12-04T22:16:39.459+0500] {logging_mixin.py:154} INFO - [2023-12-04T22:16:39.459+0500] {dag.py:2941} INFO - Sync 1 DAGs
[2023-12-04T22:16:39.465+0500] {logging_mixin.py:154} INFO - [2023-12-04T22:16:39.465+0500] {dag.py:3722} INFO - Setting next_dagrun for gpstore to None, run_after=None
[2023-12-04T22:16:39.498+0500] {processor.py:179} INFO - Processing /home/art/gitprj/MLopsXFlow/airflow/dags/gpstore.py took 0.061 seconds
[2023-12-04T22:17:10.157+0500] {processor.py:157} INFO - Started process (PID=2865) to work on /home/art/gitprj/MLopsXFlow/airflow/dags/gpstore.py
[2023-12-04T22:17:10.158+0500] {processor.py:829} INFO - Processing file /home/art/gitprj/MLopsXFlow/airflow/dags/gpstore.py for tasks to queue
[2023-12-04T22:17:10.158+0500] {logging_mixin.py:154} INFO - [2023-12-04T22:17:10.158+0500] {dagbag.py:536} INFO - Filling up the DagBag from /home/art/gitprj/MLopsXFlow/airflow/dags/gpstore.py
[2023-12-04T22:17:10.166+0500] {processor.py:839} INFO - DAG(s) dict_keys(['gpstore']) retrieved from /home/art/gitprj/MLopsXFlow/airflow/dags/gpstore.py
[2023-12-04T22:17:10.179+0500] {logging_mixin.py:154} INFO - [2023-12-04T22:17:10.179+0500] {dag.py:2941} INFO - Sync 1 DAGs
[2023-12-04T22:17:10.185+0500] {logging_mixin.py:154} INFO - [2023-12-04T22:17:10.185+0500] {dag.py:3722} INFO - Setting next_dagrun for gpstore to None, run_after=None
[2023-12-04T22:17:10.203+0500] {processor.py:179} INFO - Processing /home/art/gitprj/MLopsXFlow/airflow/dags/gpstore.py took 0.047 seconds
[2023-12-04T22:17:40.668+0500] {processor.py:157} INFO - Started process (PID=2868) to work on /home/art/gitprj/MLopsXFlow/airflow/dags/gpstore.py
[2023-12-04T22:17:40.668+0500] {processor.py:829} INFO - Processing file /home/art/gitprj/MLopsXFlow/airflow/dags/gpstore.py for tasks to queue
[2023-12-04T22:17:40.669+0500] {logging_mixin.py:154} INFO - [2023-12-04T22:17:40.669+0500] {dagbag.py:536} INFO - Filling up the DagBag from /home/art/gitprj/MLopsXFlow/airflow/dags/gpstore.py
[2023-12-04T22:17:40.678+0500] {processor.py:839} INFO - DAG(s) dict_keys(['gpstore']) retrieved from /home/art/gitprj/MLopsXFlow/airflow/dags/gpstore.py
[2023-12-04T22:17:40.691+0500] {logging_mixin.py:154} INFO - [2023-12-04T22:17:40.691+0500] {dag.py:2941} INFO - Sync 1 DAGs
[2023-12-04T22:17:40.698+0500] {logging_mixin.py:154} INFO - [2023-12-04T22:17:40.698+0500] {dag.py:3722} INFO - Setting next_dagrun for gpstore to None, run_after=None
[2023-12-04T22:17:40.716+0500] {processor.py:179} INFO - Processing /home/art/gitprj/MLopsXFlow/airflow/dags/gpstore.py took 0.051 seconds
[2023-12-04T22:18:10.864+0500] {processor.py:157} INFO - Started process (PID=2878) to work on /home/art/gitprj/MLopsXFlow/airflow/dags/gpstore.py
[2023-12-04T22:18:10.864+0500] {processor.py:829} INFO - Processing file /home/art/gitprj/MLopsXFlow/airflow/dags/gpstore.py for tasks to queue
[2023-12-04T22:18:10.865+0500] {logging_mixin.py:154} INFO - [2023-12-04T22:18:10.865+0500] {dagbag.py:536} INFO - Filling up the DagBag from /home/art/gitprj/MLopsXFlow/airflow/dags/gpstore.py
[2023-12-04T22:18:10.873+0500] {processor.py:839} INFO - DAG(s) dict_keys(['gpstore']) retrieved from /home/art/gitprj/MLopsXFlow/airflow/dags/gpstore.py
[2023-12-04T22:18:10.890+0500] {logging_mixin.py:154} INFO - [2023-12-04T22:18:10.889+0500] {dag.py:2941} INFO - Sync 1 DAGs
[2023-12-04T22:18:10.896+0500] {logging_mixin.py:154} INFO - [2023-12-04T22:18:10.896+0500] {dag.py:3722} INFO - Setting next_dagrun for gpstore to None, run_after=None
[2023-12-04T22:18:10.913+0500] {processor.py:179} INFO - Processing /home/art/gitprj/MLopsXFlow/airflow/dags/gpstore.py took 0.051 seconds
[2023-12-04T22:18:41.729+0500] {processor.py:157} INFO - Started process (PID=2883) to work on /home/art/gitprj/MLopsXFlow/airflow/dags/gpstore.py
[2023-12-04T22:18:41.729+0500] {processor.py:829} INFO - Processing file /home/art/gitprj/MLopsXFlow/airflow/dags/gpstore.py for tasks to queue
[2023-12-04T22:18:41.730+0500] {logging_mixin.py:154} INFO - [2023-12-04T22:18:41.729+0500] {dagbag.py:536} INFO - Filling up the DagBag from /home/art/gitprj/MLopsXFlow/airflow/dags/gpstore.py
[2023-12-04T22:18:41.737+0500] {processor.py:839} INFO - DAG(s) dict_keys(['gpstore']) retrieved from /home/art/gitprj/MLopsXFlow/airflow/dags/gpstore.py
[2023-12-04T22:18:41.751+0500] {logging_mixin.py:154} INFO - [2023-12-04T22:18:41.751+0500] {dag.py:2941} INFO - Sync 1 DAGs
[2023-12-04T22:18:41.757+0500] {logging_mixin.py:154} INFO - [2023-12-04T22:18:41.757+0500] {dag.py:3722} INFO - Setting next_dagrun for gpstore to None, run_after=None
[2023-12-04T22:18:41.773+0500] {processor.py:179} INFO - Processing /home/art/gitprj/MLopsXFlow/airflow/dags/gpstore.py took 0.047 seconds
[2023-12-04T22:19:12.581+0500] {processor.py:157} INFO - Started process (PID=2895) to work on /home/art/gitprj/MLopsXFlow/airflow/dags/gpstore.py
[2023-12-04T22:19:12.582+0500] {processor.py:829} INFO - Processing file /home/art/gitprj/MLopsXFlow/airflow/dags/gpstore.py for tasks to queue
[2023-12-04T22:19:12.582+0500] {logging_mixin.py:154} INFO - [2023-12-04T22:19:12.582+0500] {dagbag.py:536} INFO - Filling up the DagBag from /home/art/gitprj/MLopsXFlow/airflow/dags/gpstore.py
[2023-12-04T22:19:12.590+0500] {processor.py:839} INFO - DAG(s) dict_keys(['gpstore']) retrieved from /home/art/gitprj/MLopsXFlow/airflow/dags/gpstore.py
[2023-12-04T22:19:12.604+0500] {logging_mixin.py:154} INFO - [2023-12-04T22:19:12.604+0500] {dag.py:2941} INFO - Sync 1 DAGs
[2023-12-04T22:19:12.610+0500] {logging_mixin.py:154} INFO - [2023-12-04T22:19:12.610+0500] {dag.py:3722} INFO - Setting next_dagrun for gpstore to None, run_after=None
[2023-12-04T22:19:12.626+0500] {processor.py:179} INFO - Processing /home/art/gitprj/MLopsXFlow/airflow/dags/gpstore.py took 0.047 seconds
[2023-12-04T22:19:43.046+0500] {processor.py:157} INFO - Started process (PID=2901) to work on /home/art/gitprj/MLopsXFlow/airflow/dags/gpstore.py
[2023-12-04T22:19:43.047+0500] {processor.py:829} INFO - Processing file /home/art/gitprj/MLopsXFlow/airflow/dags/gpstore.py for tasks to queue
[2023-12-04T22:19:43.047+0500] {logging_mixin.py:154} INFO - [2023-12-04T22:19:43.047+0500] {dagbag.py:536} INFO - Filling up the DagBag from /home/art/gitprj/MLopsXFlow/airflow/dags/gpstore.py
[2023-12-04T22:19:43.056+0500] {processor.py:839} INFO - DAG(s) dict_keys(['gpstore']) retrieved from /home/art/gitprj/MLopsXFlow/airflow/dags/gpstore.py
[2023-12-04T22:19:43.070+0500] {logging_mixin.py:154} INFO - [2023-12-04T22:19:43.070+0500] {dag.py:2941} INFO - Sync 1 DAGs
[2023-12-04T22:19:43.077+0500] {logging_mixin.py:154} INFO - [2023-12-04T22:19:43.077+0500] {dag.py:3722} INFO - Setting next_dagrun for gpstore to None, run_after=None
[2023-12-04T22:19:43.094+0500] {processor.py:179} INFO - Processing /home/art/gitprj/MLopsXFlow/airflow/dags/gpstore.py took 0.049 seconds
[2023-12-04T22:20:13.271+0500] {processor.py:157} INFO - Started process (PID=2906) to work on /home/art/gitprj/MLopsXFlow/airflow/dags/gpstore.py
[2023-12-04T22:20:13.272+0500] {processor.py:829} INFO - Processing file /home/art/gitprj/MLopsXFlow/airflow/dags/gpstore.py for tasks to queue
[2023-12-04T22:20:13.272+0500] {logging_mixin.py:154} INFO - [2023-12-04T22:20:13.272+0500] {dagbag.py:536} INFO - Filling up the DagBag from /home/art/gitprj/MLopsXFlow/airflow/dags/gpstore.py
[2023-12-04T22:20:13.280+0500] {processor.py:839} INFO - DAG(s) dict_keys(['gpstore']) retrieved from /home/art/gitprj/MLopsXFlow/airflow/dags/gpstore.py
[2023-12-04T22:20:13.294+0500] {logging_mixin.py:154} INFO - [2023-12-04T22:20:13.294+0500] {dag.py:2941} INFO - Sync 1 DAGs
[2023-12-04T22:20:13.300+0500] {logging_mixin.py:154} INFO - [2023-12-04T22:20:13.300+0500] {dag.py:3722} INFO - Setting next_dagrun for gpstore to None, run_after=None
[2023-12-04T22:20:13.317+0500] {processor.py:179} INFO - Processing /home/art/gitprj/MLopsXFlow/airflow/dags/gpstore.py took 0.048 seconds
[2023-12-04T22:20:43.900+0500] {processor.py:157} INFO - Started process (PID=2918) to work on /home/art/gitprj/MLopsXFlow/airflow/dags/gpstore.py
[2023-12-04T22:20:43.901+0500] {processor.py:829} INFO - Processing file /home/art/gitprj/MLopsXFlow/airflow/dags/gpstore.py for tasks to queue
[2023-12-04T22:20:43.901+0500] {logging_mixin.py:154} INFO - [2023-12-04T22:20:43.901+0500] {dagbag.py:536} INFO - Filling up the DagBag from /home/art/gitprj/MLopsXFlow/airflow/dags/gpstore.py
[2023-12-04T22:20:43.910+0500] {processor.py:839} INFO - DAG(s) dict_keys(['gpstore']) retrieved from /home/art/gitprj/MLopsXFlow/airflow/dags/gpstore.py
[2023-12-04T22:20:43.924+0500] {logging_mixin.py:154} INFO - [2023-12-04T22:20:43.923+0500] {dag.py:2941} INFO - Sync 1 DAGs
[2023-12-04T22:20:43.930+0500] {logging_mixin.py:154} INFO - [2023-12-04T22:20:43.930+0500] {dag.py:3722} INFO - Setting next_dagrun for gpstore to None, run_after=None
[2023-12-04T22:20:43.946+0500] {processor.py:179} INFO - Processing /home/art/gitprj/MLopsXFlow/airflow/dags/gpstore.py took 0.048 seconds
[2023-12-04T22:21:14.393+0500] {processor.py:157} INFO - Started process (PID=2924) to work on /home/art/gitprj/MLopsXFlow/airflow/dags/gpstore.py
[2023-12-04T22:21:14.394+0500] {processor.py:829} INFO - Processing file /home/art/gitprj/MLopsXFlow/airflow/dags/gpstore.py for tasks to queue
[2023-12-04T22:21:14.394+0500] {logging_mixin.py:154} INFO - [2023-12-04T22:21:14.394+0500] {dagbag.py:536} INFO - Filling up the DagBag from /home/art/gitprj/MLopsXFlow/airflow/dags/gpstore.py
[2023-12-04T22:21:14.402+0500] {processor.py:839} INFO - DAG(s) dict_keys(['gpstore']) retrieved from /home/art/gitprj/MLopsXFlow/airflow/dags/gpstore.py
[2023-12-04T22:21:14.416+0500] {logging_mixin.py:154} INFO - [2023-12-04T22:21:14.415+0500] {dag.py:2941} INFO - Sync 1 DAGs
[2023-12-04T22:21:14.422+0500] {logging_mixin.py:154} INFO - [2023-12-04T22:21:14.422+0500] {dag.py:3722} INFO - Setting next_dagrun for gpstore to None, run_after=None
[2023-12-04T22:21:14.439+0500] {processor.py:179} INFO - Processing /home/art/gitprj/MLopsXFlow/airflow/dags/gpstore.py took 0.048 seconds
[2023-12-04T22:21:44.984+0500] {processor.py:157} INFO - Started process (PID=2927) to work on /home/art/gitprj/MLopsXFlow/airflow/dags/gpstore.py
[2023-12-04T22:21:44.985+0500] {processor.py:829} INFO - Processing file /home/art/gitprj/MLopsXFlow/airflow/dags/gpstore.py for tasks to queue
[2023-12-04T22:21:44.986+0500] {logging_mixin.py:154} INFO - [2023-12-04T22:21:44.985+0500] {dagbag.py:536} INFO - Filling up the DagBag from /home/art/gitprj/MLopsXFlow/airflow/dags/gpstore.py
[2023-12-04T22:21:44.994+0500] {processor.py:839} INFO - DAG(s) dict_keys(['gpstore']) retrieved from /home/art/gitprj/MLopsXFlow/airflow/dags/gpstore.py
[2023-12-04T22:21:45.009+0500] {logging_mixin.py:154} INFO - [2023-12-04T22:21:45.009+0500] {dag.py:2941} INFO - Sync 1 DAGs
[2023-12-04T22:21:45.015+0500] {logging_mixin.py:154} INFO - [2023-12-04T22:21:45.015+0500] {dag.py:3722} INFO - Setting next_dagrun for gpstore to None, run_after=None
[2023-12-04T22:21:45.031+0500] {processor.py:179} INFO - Processing /home/art/gitprj/MLopsXFlow/airflow/dags/gpstore.py took 0.049 seconds
[2023-12-04T22:22:15.659+0500] {processor.py:157} INFO - Started process (PID=2932) to work on /home/art/gitprj/MLopsXFlow/airflow/dags/gpstore.py
[2023-12-04T22:22:15.660+0500] {processor.py:829} INFO - Processing file /home/art/gitprj/MLopsXFlow/airflow/dags/gpstore.py for tasks to queue
[2023-12-04T22:22:15.660+0500] {logging_mixin.py:154} INFO - [2023-12-04T22:22:15.660+0500] {dagbag.py:536} INFO - Filling up the DagBag from /home/art/gitprj/MLopsXFlow/airflow/dags/gpstore.py
[2023-12-04T22:22:15.668+0500] {processor.py:839} INFO - DAG(s) dict_keys(['gpstore']) retrieved from /home/art/gitprj/MLopsXFlow/airflow/dags/gpstore.py
[2023-12-04T22:22:15.683+0500] {logging_mixin.py:154} INFO - [2023-12-04T22:22:15.682+0500] {dag.py:2941} INFO - Sync 1 DAGs
[2023-12-04T22:22:15.689+0500] {logging_mixin.py:154} INFO - [2023-12-04T22:22:15.689+0500] {dag.py:3722} INFO - Setting next_dagrun for gpstore to None, run_after=None
[2023-12-04T22:22:15.705+0500] {processor.py:179} INFO - Processing /home/art/gitprj/MLopsXFlow/airflow/dags/gpstore.py took 0.048 seconds
[2023-12-04T22:22:45.956+0500] {processor.py:157} INFO - Started process (PID=2938) to work on /home/art/gitprj/MLopsXFlow/airflow/dags/gpstore.py
[2023-12-04T22:22:45.957+0500] {processor.py:829} INFO - Processing file /home/art/gitprj/MLopsXFlow/airflow/dags/gpstore.py for tasks to queue
[2023-12-04T22:22:45.957+0500] {logging_mixin.py:154} INFO - [2023-12-04T22:22:45.957+0500] {dagbag.py:536} INFO - Filling up the DagBag from /home/art/gitprj/MLopsXFlow/airflow/dags/gpstore.py
[2023-12-04T22:22:45.965+0500] {processor.py:839} INFO - DAG(s) dict_keys(['gpstore']) retrieved from /home/art/gitprj/MLopsXFlow/airflow/dags/gpstore.py
[2023-12-04T22:22:45.980+0500] {logging_mixin.py:154} INFO - [2023-12-04T22:22:45.980+0500] {dag.py:2941} INFO - Sync 1 DAGs
[2023-12-04T22:22:45.986+0500] {logging_mixin.py:154} INFO - [2023-12-04T22:22:45.986+0500] {dag.py:3722} INFO - Setting next_dagrun for gpstore to None, run_after=None
[2023-12-04T22:22:46.003+0500] {processor.py:179} INFO - Processing /home/art/gitprj/MLopsXFlow/airflow/dags/gpstore.py took 0.049 seconds
[2023-12-04T22:23:16.667+0500] {processor.py:157} INFO - Started process (PID=2943) to work on /home/art/gitprj/MLopsXFlow/airflow/dags/gpstore.py
[2023-12-04T22:23:16.668+0500] {processor.py:829} INFO - Processing file /home/art/gitprj/MLopsXFlow/airflow/dags/gpstore.py for tasks to queue
[2023-12-04T22:23:16.668+0500] {logging_mixin.py:154} INFO - [2023-12-04T22:23:16.668+0500] {dagbag.py:536} INFO - Filling up the DagBag from /home/art/gitprj/MLopsXFlow/airflow/dags/gpstore.py
[2023-12-04T22:23:16.676+0500] {processor.py:839} INFO - DAG(s) dict_keys(['gpstore']) retrieved from /home/art/gitprj/MLopsXFlow/airflow/dags/gpstore.py
[2023-12-04T22:23:16.689+0500] {logging_mixin.py:154} INFO - [2023-12-04T22:23:16.689+0500] {dag.py:2941} INFO - Sync 1 DAGs
[2023-12-04T22:23:16.695+0500] {logging_mixin.py:154} INFO - [2023-12-04T22:23:16.695+0500] {dag.py:3722} INFO - Setting next_dagrun for gpstore to None, run_after=None
[2023-12-04T22:23:16.711+0500] {processor.py:179} INFO - Processing /home/art/gitprj/MLopsXFlow/airflow/dags/gpstore.py took 0.046 seconds
[2023-12-04T22:23:47.077+0500] {processor.py:157} INFO - Started process (PID=2947) to work on /home/art/gitprj/MLopsXFlow/airflow/dags/gpstore.py
[2023-12-04T22:23:47.078+0500] {processor.py:829} INFO - Processing file /home/art/gitprj/MLopsXFlow/airflow/dags/gpstore.py for tasks to queue
[2023-12-04T22:23:47.078+0500] {logging_mixin.py:154} INFO - [2023-12-04T22:23:47.078+0500] {dagbag.py:536} INFO - Filling up the DagBag from /home/art/gitprj/MLopsXFlow/airflow/dags/gpstore.py
[2023-12-04T22:23:47.086+0500] {processor.py:839} INFO - DAG(s) dict_keys(['gpstore']) retrieved from /home/art/gitprj/MLopsXFlow/airflow/dags/gpstore.py
[2023-12-04T22:23:47.100+0500] {logging_mixin.py:154} INFO - [2023-12-04T22:23:47.100+0500] {dag.py:2941} INFO - Sync 1 DAGs
[2023-12-04T22:23:47.107+0500] {logging_mixin.py:154} INFO - [2023-12-04T22:23:47.107+0500] {dag.py:3722} INFO - Setting next_dagrun for gpstore to None, run_after=None
[2023-12-04T22:23:47.126+0500] {processor.py:179} INFO - Processing /home/art/gitprj/MLopsXFlow/airflow/dags/gpstore.py took 0.051 seconds
[2023-12-04T22:24:17.404+0500] {processor.py:157} INFO - Started process (PID=2952) to work on /home/art/gitprj/MLopsXFlow/airflow/dags/gpstore.py
[2023-12-04T22:24:17.404+0500] {processor.py:829} INFO - Processing file /home/art/gitprj/MLopsXFlow/airflow/dags/gpstore.py for tasks to queue
[2023-12-04T22:24:17.405+0500] {logging_mixin.py:154} INFO - [2023-12-04T22:24:17.404+0500] {dagbag.py:536} INFO - Filling up the DagBag from /home/art/gitprj/MLopsXFlow/airflow/dags/gpstore.py
[2023-12-04T22:24:17.413+0500] {processor.py:839} INFO - DAG(s) dict_keys(['gpstore']) retrieved from /home/art/gitprj/MLopsXFlow/airflow/dags/gpstore.py
[2023-12-04T22:24:17.426+0500] {logging_mixin.py:154} INFO - [2023-12-04T22:24:17.426+0500] {dag.py:2941} INFO - Sync 1 DAGs
[2023-12-04T22:24:17.432+0500] {logging_mixin.py:154} INFO - [2023-12-04T22:24:17.432+0500] {dag.py:3722} INFO - Setting next_dagrun for gpstore to None, run_after=None
[2023-12-04T22:24:17.448+0500] {processor.py:179} INFO - Processing /home/art/gitprj/MLopsXFlow/airflow/dags/gpstore.py took 0.046 seconds
[2023-12-04T22:24:47.584+0500] {processor.py:157} INFO - Started process (PID=2960) to work on /home/art/gitprj/MLopsXFlow/airflow/dags/gpstore.py
[2023-12-04T22:24:47.585+0500] {processor.py:829} INFO - Processing file /home/art/gitprj/MLopsXFlow/airflow/dags/gpstore.py for tasks to queue
[2023-12-04T22:24:47.585+0500] {logging_mixin.py:154} INFO - [2023-12-04T22:24:47.585+0500] {dagbag.py:536} INFO - Filling up the DagBag from /home/art/gitprj/MLopsXFlow/airflow/dags/gpstore.py
[2023-12-04T22:24:47.593+0500] {processor.py:839} INFO - DAG(s) dict_keys(['gpstore']) retrieved from /home/art/gitprj/MLopsXFlow/airflow/dags/gpstore.py
[2023-12-04T22:24:47.607+0500] {logging_mixin.py:154} INFO - [2023-12-04T22:24:47.607+0500] {dag.py:2941} INFO - Sync 1 DAGs
[2023-12-04T22:24:47.614+0500] {logging_mixin.py:154} INFO - [2023-12-04T22:24:47.614+0500] {dag.py:3722} INFO - Setting next_dagrun for gpstore to None, run_after=None
[2023-12-04T22:24:47.629+0500] {processor.py:179} INFO - Processing /home/art/gitprj/MLopsXFlow/airflow/dags/gpstore.py took 0.047 seconds
[2023-12-04T22:25:18.153+0500] {processor.py:157} INFO - Started process (PID=2964) to work on /home/art/gitprj/MLopsXFlow/airflow/dags/gpstore.py
[2023-12-04T22:25:18.154+0500] {processor.py:829} INFO - Processing file /home/art/gitprj/MLopsXFlow/airflow/dags/gpstore.py for tasks to queue
[2023-12-04T22:25:18.154+0500] {logging_mixin.py:154} INFO - [2023-12-04T22:25:18.154+0500] {dagbag.py:536} INFO - Filling up the DagBag from /home/art/gitprj/MLopsXFlow/airflow/dags/gpstore.py
[2023-12-04T22:25:18.162+0500] {processor.py:839} INFO - DAG(s) dict_keys(['gpstore']) retrieved from /home/art/gitprj/MLopsXFlow/airflow/dags/gpstore.py
[2023-12-04T22:25:18.175+0500] {logging_mixin.py:154} INFO - [2023-12-04T22:25:18.175+0500] {dag.py:2941} INFO - Sync 1 DAGs
[2023-12-04T22:25:18.182+0500] {logging_mixin.py:154} INFO - [2023-12-04T22:25:18.182+0500] {dag.py:3722} INFO - Setting next_dagrun for gpstore to None, run_after=None
[2023-12-04T22:25:18.201+0500] {processor.py:179} INFO - Processing /home/art/gitprj/MLopsXFlow/airflow/dags/gpstore.py took 0.050 seconds
[2023-12-04T22:25:49.112+0500] {processor.py:157} INFO - Started process (PID=2977) to work on /home/art/gitprj/MLopsXFlow/airflow/dags/gpstore.py
[2023-12-04T22:25:49.113+0500] {processor.py:829} INFO - Processing file /home/art/gitprj/MLopsXFlow/airflow/dags/gpstore.py for tasks to queue
[2023-12-04T22:25:49.113+0500] {logging_mixin.py:154} INFO - [2023-12-04T22:25:49.113+0500] {dagbag.py:536} INFO - Filling up the DagBag from /home/art/gitprj/MLopsXFlow/airflow/dags/gpstore.py
[2023-12-04T22:25:49.122+0500] {processor.py:839} INFO - DAG(s) dict_keys(['gpstore']) retrieved from /home/art/gitprj/MLopsXFlow/airflow/dags/gpstore.py
[2023-12-04T22:25:49.137+0500] {logging_mixin.py:154} INFO - [2023-12-04T22:25:49.137+0500] {dag.py:2941} INFO - Sync 1 DAGs
[2023-12-04T22:25:49.144+0500] {logging_mixin.py:154} INFO - [2023-12-04T22:25:49.144+0500] {dag.py:3722} INFO - Setting next_dagrun for gpstore to None, run_after=None
[2023-12-04T22:25:49.161+0500] {processor.py:179} INFO - Processing /home/art/gitprj/MLopsXFlow/airflow/dags/gpstore.py took 0.051 seconds
[2023-12-04T22:26:19.518+0500] {processor.py:157} INFO - Started process (PID=2982) to work on /home/art/gitprj/MLopsXFlow/airflow/dags/gpstore.py
[2023-12-04T22:26:19.519+0500] {processor.py:829} INFO - Processing file /home/art/gitprj/MLopsXFlow/airflow/dags/gpstore.py for tasks to queue
[2023-12-04T22:26:19.519+0500] {logging_mixin.py:154} INFO - [2023-12-04T22:26:19.519+0500] {dagbag.py:536} INFO - Filling up the DagBag from /home/art/gitprj/MLopsXFlow/airflow/dags/gpstore.py
[2023-12-04T22:26:19.527+0500] {processor.py:839} INFO - DAG(s) dict_keys(['gpstore']) retrieved from /home/art/gitprj/MLopsXFlow/airflow/dags/gpstore.py
[2023-12-04T22:26:19.542+0500] {logging_mixin.py:154} INFO - [2023-12-04T22:26:19.542+0500] {dag.py:2941} INFO - Sync 1 DAGs
[2023-12-04T22:26:19.548+0500] {logging_mixin.py:154} INFO - [2023-12-04T22:26:19.548+0500] {dag.py:3722} INFO - Setting next_dagrun for gpstore to None, run_after=None
[2023-12-04T22:26:19.564+0500] {processor.py:179} INFO - Processing /home/art/gitprj/MLopsXFlow/airflow/dags/gpstore.py took 0.049 seconds
[2023-12-04T22:26:49.771+0500] {processor.py:157} INFO - Started process (PID=2988) to work on /home/art/gitprj/MLopsXFlow/airflow/dags/gpstore.py
[2023-12-04T22:26:49.772+0500] {processor.py:829} INFO - Processing file /home/art/gitprj/MLopsXFlow/airflow/dags/gpstore.py for tasks to queue
[2023-12-04T22:26:49.773+0500] {logging_mixin.py:154} INFO - [2023-12-04T22:26:49.772+0500] {dagbag.py:536} INFO - Filling up the DagBag from /home/art/gitprj/MLopsXFlow/airflow/dags/gpstore.py
[2023-12-04T22:26:49.780+0500] {processor.py:839} INFO - DAG(s) dict_keys(['gpstore']) retrieved from /home/art/gitprj/MLopsXFlow/airflow/dags/gpstore.py
[2023-12-04T22:26:49.794+0500] {logging_mixin.py:154} INFO - [2023-12-04T22:26:49.794+0500] {dag.py:2941} INFO - Sync 1 DAGs
[2023-12-04T22:26:49.800+0500] {logging_mixin.py:154} INFO - [2023-12-04T22:26:49.800+0500] {dag.py:3722} INFO - Setting next_dagrun for gpstore to None, run_after=None
[2023-12-04T22:26:49.817+0500] {processor.py:179} INFO - Processing /home/art/gitprj/MLopsXFlow/airflow/dags/gpstore.py took 0.047 seconds
[2023-12-04T22:27:20.418+0500] {processor.py:157} INFO - Started process (PID=3050) to work on /home/art/gitprj/MLopsXFlow/airflow/dags/gpstore.py
[2023-12-04T22:27:20.418+0500] {processor.py:829} INFO - Processing file /home/art/gitprj/MLopsXFlow/airflow/dags/gpstore.py for tasks to queue
[2023-12-04T22:27:20.419+0500] {logging_mixin.py:154} INFO - [2023-12-04T22:27:20.419+0500] {dagbag.py:536} INFO - Filling up the DagBag from /home/art/gitprj/MLopsXFlow/airflow/dags/gpstore.py
[2023-12-04T22:27:20.427+0500] {processor.py:839} INFO - DAG(s) dict_keys(['gpstore']) retrieved from /home/art/gitprj/MLopsXFlow/airflow/dags/gpstore.py
[2023-12-04T22:27:20.441+0500] {logging_mixin.py:154} INFO - [2023-12-04T22:27:20.441+0500] {dag.py:2941} INFO - Sync 1 DAGs
[2023-12-04T22:27:20.448+0500] {logging_mixin.py:154} INFO - [2023-12-04T22:27:20.448+0500] {dag.py:3722} INFO - Setting next_dagrun for gpstore to None, run_after=None
[2023-12-04T22:27:20.468+0500] {processor.py:179} INFO - Processing /home/art/gitprj/MLopsXFlow/airflow/dags/gpstore.py took 0.052 seconds
[2023-12-04T22:27:50.813+0500] {processor.py:157} INFO - Started process (PID=3055) to work on /home/art/gitprj/MLopsXFlow/airflow/dags/gpstore.py
[2023-12-04T22:27:50.813+0500] {processor.py:829} INFO - Processing file /home/art/gitprj/MLopsXFlow/airflow/dags/gpstore.py for tasks to queue
[2023-12-04T22:27:50.814+0500] {logging_mixin.py:154} INFO - [2023-12-04T22:27:50.814+0500] {dagbag.py:536} INFO - Filling up the DagBag from /home/art/gitprj/MLopsXFlow/airflow/dags/gpstore.py
[2023-12-04T22:27:50.822+0500] {processor.py:839} INFO - DAG(s) dict_keys(['gpstore']) retrieved from /home/art/gitprj/MLopsXFlow/airflow/dags/gpstore.py
[2023-12-04T22:27:50.836+0500] {logging_mixin.py:154} INFO - [2023-12-04T22:27:50.835+0500] {dag.py:2941} INFO - Sync 1 DAGs
[2023-12-04T22:27:50.842+0500] {logging_mixin.py:154} INFO - [2023-12-04T22:27:50.842+0500] {dag.py:3722} INFO - Setting next_dagrun for gpstore to None, run_after=None
[2023-12-04T22:27:50.858+0500] {processor.py:179} INFO - Processing /home/art/gitprj/MLopsXFlow/airflow/dags/gpstore.py took 0.047 seconds
[2023-12-04T22:28:21.406+0500] {processor.py:157} INFO - Started process (PID=3059) to work on /home/art/gitprj/MLopsXFlow/airflow/dags/gpstore.py
[2023-12-04T22:28:21.406+0500] {processor.py:829} INFO - Processing file /home/art/gitprj/MLopsXFlow/airflow/dags/gpstore.py for tasks to queue
[2023-12-04T22:28:21.407+0500] {logging_mixin.py:154} INFO - [2023-12-04T22:28:21.407+0500] {dagbag.py:536} INFO - Filling up the DagBag from /home/art/gitprj/MLopsXFlow/airflow/dags/gpstore.py
[2023-12-04T22:28:21.414+0500] {processor.py:839} INFO - DAG(s) dict_keys(['gpstore']) retrieved from /home/art/gitprj/MLopsXFlow/airflow/dags/gpstore.py
[2023-12-04T22:28:21.428+0500] {logging_mixin.py:154} INFO - [2023-12-04T22:28:21.428+0500] {dag.py:2941} INFO - Sync 1 DAGs
[2023-12-04T22:28:21.434+0500] {logging_mixin.py:154} INFO - [2023-12-04T22:28:21.434+0500] {dag.py:3722} INFO - Setting next_dagrun for gpstore to None, run_after=None
[2023-12-04T22:28:21.450+0500] {processor.py:179} INFO - Processing /home/art/gitprj/MLopsXFlow/airflow/dags/gpstore.py took 0.047 seconds
[2023-12-04T22:28:51.809+0500] {processor.py:157} INFO - Started process (PID=3068) to work on /home/art/gitprj/MLopsXFlow/airflow/dags/gpstore.py
[2023-12-04T22:28:51.810+0500] {processor.py:829} INFO - Processing file /home/art/gitprj/MLopsXFlow/airflow/dags/gpstore.py for tasks to queue
[2023-12-04T22:28:51.810+0500] {logging_mixin.py:154} INFO - [2023-12-04T22:28:51.810+0500] {dagbag.py:536} INFO - Filling up the DagBag from /home/art/gitprj/MLopsXFlow/airflow/dags/gpstore.py
[2023-12-04T22:28:51.818+0500] {processor.py:839} INFO - DAG(s) dict_keys(['gpstore']) retrieved from /home/art/gitprj/MLopsXFlow/airflow/dags/gpstore.py
[2023-12-04T22:28:51.833+0500] {logging_mixin.py:154} INFO - [2023-12-04T22:28:51.832+0500] {dag.py:2941} INFO - Sync 1 DAGs
[2023-12-04T22:28:51.840+0500] {logging_mixin.py:154} INFO - [2023-12-04T22:28:51.839+0500] {dag.py:3722} INFO - Setting next_dagrun for gpstore to None, run_after=None
[2023-12-04T22:28:51.855+0500] {processor.py:179} INFO - Processing /home/art/gitprj/MLopsXFlow/airflow/dags/gpstore.py took 0.048 seconds
[2023-12-04T22:29:22.334+0500] {processor.py:157} INFO - Started process (PID=3076) to work on /home/art/gitprj/MLopsXFlow/airflow/dags/gpstore.py
[2023-12-04T22:29:22.335+0500] {processor.py:829} INFO - Processing file /home/art/gitprj/MLopsXFlow/airflow/dags/gpstore.py for tasks to queue
[2023-12-04T22:29:22.335+0500] {logging_mixin.py:154} INFO - [2023-12-04T22:29:22.335+0500] {dagbag.py:536} INFO - Filling up the DagBag from /home/art/gitprj/MLopsXFlow/airflow/dags/gpstore.py
[2023-12-04T22:29:22.343+0500] {processor.py:839} INFO - DAG(s) dict_keys(['gpstore']) retrieved from /home/art/gitprj/MLopsXFlow/airflow/dags/gpstore.py
[2023-12-04T22:29:22.357+0500] {logging_mixin.py:154} INFO - [2023-12-04T22:29:22.357+0500] {dag.py:2941} INFO - Sync 1 DAGs
[2023-12-04T22:29:22.364+0500] {logging_mixin.py:154} INFO - [2023-12-04T22:29:22.364+0500] {dag.py:3722} INFO - Setting next_dagrun for gpstore to None, run_after=None
[2023-12-04T22:29:22.380+0500] {processor.py:179} INFO - Processing /home/art/gitprj/MLopsXFlow/airflow/dags/gpstore.py took 0.048 seconds
[2023-12-04T22:29:53.120+0500] {processor.py:157} INFO - Started process (PID=3092) to work on /home/art/gitprj/MLopsXFlow/airflow/dags/gpstore.py
[2023-12-04T22:29:53.121+0500] {processor.py:829} INFO - Processing file /home/art/gitprj/MLopsXFlow/airflow/dags/gpstore.py for tasks to queue
[2023-12-04T22:29:53.121+0500] {logging_mixin.py:154} INFO - [2023-12-04T22:29:53.121+0500] {dagbag.py:536} INFO - Filling up the DagBag from /home/art/gitprj/MLopsXFlow/airflow/dags/gpstore.py
[2023-12-04T22:29:53.130+0500] {processor.py:839} INFO - DAG(s) dict_keys(['gpstore']) retrieved from /home/art/gitprj/MLopsXFlow/airflow/dags/gpstore.py
[2023-12-04T22:29:53.144+0500] {logging_mixin.py:154} INFO - [2023-12-04T22:29:53.144+0500] {dag.py:2941} INFO - Sync 1 DAGs
[2023-12-04T22:29:53.151+0500] {logging_mixin.py:154} INFO - [2023-12-04T22:29:53.151+0500] {dag.py:3722} INFO - Setting next_dagrun for gpstore to None, run_after=None
[2023-12-04T22:29:53.168+0500] {processor.py:179} INFO - Processing /home/art/gitprj/MLopsXFlow/airflow/dags/gpstore.py took 0.050 seconds
[2023-12-04T22:30:24.124+0500] {processor.py:157} INFO - Started process (PID=3098) to work on /home/art/gitprj/MLopsXFlow/airflow/dags/gpstore.py
[2023-12-04T22:30:24.125+0500] {processor.py:829} INFO - Processing file /home/art/gitprj/MLopsXFlow/airflow/dags/gpstore.py for tasks to queue
[2023-12-04T22:30:24.125+0500] {logging_mixin.py:154} INFO - [2023-12-04T22:30:24.125+0500] {dagbag.py:536} INFO - Filling up the DagBag from /home/art/gitprj/MLopsXFlow/airflow/dags/gpstore.py
[2023-12-04T22:30:24.134+0500] {processor.py:839} INFO - DAG(s) dict_keys(['gpstore']) retrieved from /home/art/gitprj/MLopsXFlow/airflow/dags/gpstore.py
[2023-12-04T22:30:24.148+0500] {logging_mixin.py:154} INFO - [2023-12-04T22:30:24.148+0500] {dag.py:2941} INFO - Sync 1 DAGs
[2023-12-04T22:30:24.155+0500] {logging_mixin.py:154} INFO - [2023-12-04T22:30:24.155+0500] {dag.py:3722} INFO - Setting next_dagrun for gpstore to None, run_after=None
[2023-12-04T22:30:24.171+0500] {processor.py:179} INFO - Processing /home/art/gitprj/MLopsXFlow/airflow/dags/gpstore.py took 0.048 seconds
[2023-12-04T22:30:54.420+0500] {processor.py:157} INFO - Started process (PID=3102) to work on /home/art/gitprj/MLopsXFlow/airflow/dags/gpstore.py
[2023-12-04T22:30:54.420+0500] {processor.py:829} INFO - Processing file /home/art/gitprj/MLopsXFlow/airflow/dags/gpstore.py for tasks to queue
[2023-12-04T22:30:54.421+0500] {logging_mixin.py:154} INFO - [2023-12-04T22:30:54.421+0500] {dagbag.py:536} INFO - Filling up the DagBag from /home/art/gitprj/MLopsXFlow/airflow/dags/gpstore.py
[2023-12-04T22:30:54.429+0500] {processor.py:839} INFO - DAG(s) dict_keys(['gpstore']) retrieved from /home/art/gitprj/MLopsXFlow/airflow/dags/gpstore.py
[2023-12-04T22:30:54.442+0500] {logging_mixin.py:154} INFO - [2023-12-04T22:30:54.442+0500] {dag.py:2941} INFO - Sync 1 DAGs
[2023-12-04T22:30:54.449+0500] {logging_mixin.py:154} INFO - [2023-12-04T22:30:54.449+0500] {dag.py:3722} INFO - Setting next_dagrun for gpstore to None, run_after=None
[2023-12-04T22:30:54.466+0500] {processor.py:179} INFO - Processing /home/art/gitprj/MLopsXFlow/airflow/dags/gpstore.py took 0.048 seconds
[2023-12-04T22:31:24.938+0500] {processor.py:157} INFO - Started process (PID=3107) to work on /home/art/gitprj/MLopsXFlow/airflow/dags/gpstore.py
[2023-12-04T22:31:24.939+0500] {processor.py:829} INFO - Processing file /home/art/gitprj/MLopsXFlow/airflow/dags/gpstore.py for tasks to queue
[2023-12-04T22:31:24.939+0500] {logging_mixin.py:154} INFO - [2023-12-04T22:31:24.939+0500] {dagbag.py:536} INFO - Filling up the DagBag from /home/art/gitprj/MLopsXFlow/airflow/dags/gpstore.py
[2023-12-04T22:31:24.947+0500] {processor.py:839} INFO - DAG(s) dict_keys(['gpstore']) retrieved from /home/art/gitprj/MLopsXFlow/airflow/dags/gpstore.py
[2023-12-04T22:31:24.962+0500] {logging_mixin.py:154} INFO - [2023-12-04T22:31:24.961+0500] {dag.py:2941} INFO - Sync 1 DAGs
[2023-12-04T22:31:24.969+0500] {logging_mixin.py:154} INFO - [2023-12-04T22:31:24.968+0500] {dag.py:3722} INFO - Setting next_dagrun for gpstore to None, run_after=None
[2023-12-04T22:31:24.987+0500] {processor.py:179} INFO - Processing /home/art/gitprj/MLopsXFlow/airflow/dags/gpstore.py took 0.051 seconds
[2023-12-04T22:31:55.445+0500] {processor.py:157} INFO - Started process (PID=3115) to work on /home/art/gitprj/MLopsXFlow/airflow/dags/gpstore.py
[2023-12-04T22:31:55.446+0500] {processor.py:829} INFO - Processing file /home/art/gitprj/MLopsXFlow/airflow/dags/gpstore.py for tasks to queue
[2023-12-04T22:31:55.446+0500] {logging_mixin.py:154} INFO - [2023-12-04T22:31:55.446+0500] {dagbag.py:536} INFO - Filling up the DagBag from /home/art/gitprj/MLopsXFlow/airflow/dags/gpstore.py
[2023-12-04T22:31:55.454+0500] {processor.py:839} INFO - DAG(s) dict_keys(['gpstore']) retrieved from /home/art/gitprj/MLopsXFlow/airflow/dags/gpstore.py
[2023-12-04T22:31:55.468+0500] {logging_mixin.py:154} INFO - [2023-12-04T22:31:55.468+0500] {dag.py:2941} INFO - Sync 1 DAGs
[2023-12-04T22:31:55.475+0500] {logging_mixin.py:154} INFO - [2023-12-04T22:31:55.475+0500] {dag.py:3722} INFO - Setting next_dagrun for gpstore to None, run_after=None
[2023-12-04T22:31:55.491+0500] {processor.py:179} INFO - Processing /home/art/gitprj/MLopsXFlow/airflow/dags/gpstore.py took 0.048 seconds
[2023-12-04T22:32:26.520+0500] {processor.py:157} INFO - Started process (PID=3122) to work on /home/art/gitprj/MLopsXFlow/airflow/dags/gpstore.py
[2023-12-04T22:32:26.521+0500] {processor.py:829} INFO - Processing file /home/art/gitprj/MLopsXFlow/airflow/dags/gpstore.py for tasks to queue
[2023-12-04T22:32:26.521+0500] {logging_mixin.py:154} INFO - [2023-12-04T22:32:26.521+0500] {dagbag.py:536} INFO - Filling up the DagBag from /home/art/gitprj/MLopsXFlow/airflow/dags/gpstore.py
[2023-12-04T22:32:26.532+0500] {processor.py:839} INFO - DAG(s) dict_keys(['gpstore']) retrieved from /home/art/gitprj/MLopsXFlow/airflow/dags/gpstore.py
[2023-12-04T22:32:26.549+0500] {logging_mixin.py:154} INFO - [2023-12-04T22:32:26.549+0500] {dag.py:2941} INFO - Sync 1 DAGs
[2023-12-04T22:32:26.557+0500] {logging_mixin.py:154} INFO - [2023-12-04T22:32:26.557+0500] {dag.py:3722} INFO - Setting next_dagrun for gpstore to None, run_after=None
[2023-12-04T22:32:26.575+0500] {processor.py:179} INFO - Processing /home/art/gitprj/MLopsXFlow/airflow/dags/gpstore.py took 0.057 seconds
[2023-12-04T22:32:57.489+0500] {processor.py:157} INFO - Started process (PID=3127) to work on /home/art/gitprj/MLopsXFlow/airflow/dags/gpstore.py
[2023-12-04T22:32:57.489+0500] {processor.py:829} INFO - Processing file /home/art/gitprj/MLopsXFlow/airflow/dags/gpstore.py for tasks to queue
[2023-12-04T22:32:57.490+0500] {logging_mixin.py:154} INFO - [2023-12-04T22:32:57.490+0500] {dagbag.py:536} INFO - Filling up the DagBag from /home/art/gitprj/MLopsXFlow/airflow/dags/gpstore.py
[2023-12-04T22:32:57.498+0500] {processor.py:839} INFO - DAG(s) dict_keys(['gpstore']) retrieved from /home/art/gitprj/MLopsXFlow/airflow/dags/gpstore.py
[2023-12-04T22:32:57.513+0500] {logging_mixin.py:154} INFO - [2023-12-04T22:32:57.513+0500] {dag.py:2941} INFO - Sync 1 DAGs
[2023-12-04T22:32:57.520+0500] {logging_mixin.py:154} INFO - [2023-12-04T22:32:57.520+0500] {dag.py:3722} INFO - Setting next_dagrun for gpstore to None, run_after=None
[2023-12-04T22:32:57.537+0500] {processor.py:179} INFO - Processing /home/art/gitprj/MLopsXFlow/airflow/dags/gpstore.py took 0.050 seconds
[2023-12-04T22:33:27.898+0500] {processor.py:157} INFO - Started process (PID=3139) to work on /home/art/gitprj/MLopsXFlow/airflow/dags/gpstore.py
[2023-12-04T22:33:27.898+0500] {processor.py:829} INFO - Processing file /home/art/gitprj/MLopsXFlow/airflow/dags/gpstore.py for tasks to queue
[2023-12-04T22:33:27.899+0500] {logging_mixin.py:154} INFO - [2023-12-04T22:33:27.898+0500] {dagbag.py:536} INFO - Filling up the DagBag from /home/art/gitprj/MLopsXFlow/airflow/dags/gpstore.py
[2023-12-04T22:33:27.907+0500] {processor.py:839} INFO - DAG(s) dict_keys(['gpstore']) retrieved from /home/art/gitprj/MLopsXFlow/airflow/dags/gpstore.py
[2023-12-04T22:33:27.922+0500] {logging_mixin.py:154} INFO - [2023-12-04T22:33:27.922+0500] {dag.py:2941} INFO - Sync 1 DAGs
[2023-12-04T22:33:27.928+0500] {logging_mixin.py:154} INFO - [2023-12-04T22:33:27.928+0500] {dag.py:3722} INFO - Setting next_dagrun for gpstore to None, run_after=None
[2023-12-04T22:33:27.943+0500] {processor.py:179} INFO - Processing /home/art/gitprj/MLopsXFlow/airflow/dags/gpstore.py took 0.048 seconds
[2023-12-04T22:33:58.778+0500] {processor.py:157} INFO - Started process (PID=3149) to work on /home/art/gitprj/MLopsXFlow/airflow/dags/gpstore.py
[2023-12-04T22:33:58.778+0500] {processor.py:829} INFO - Processing file /home/art/gitprj/MLopsXFlow/airflow/dags/gpstore.py for tasks to queue
[2023-12-04T22:33:58.779+0500] {logging_mixin.py:154} INFO - [2023-12-04T22:33:58.779+0500] {dagbag.py:536} INFO - Filling up the DagBag from /home/art/gitprj/MLopsXFlow/airflow/dags/gpstore.py
[2023-12-04T22:33:58.788+0500] {processor.py:839} INFO - DAG(s) dict_keys(['gpstore']) retrieved from /home/art/gitprj/MLopsXFlow/airflow/dags/gpstore.py
[2023-12-04T22:33:58.803+0500] {logging_mixin.py:154} INFO - [2023-12-04T22:33:58.803+0500] {dag.py:2941} INFO - Sync 1 DAGs
[2023-12-04T22:33:58.810+0500] {logging_mixin.py:154} INFO - [2023-12-04T22:33:58.810+0500] {dag.py:3722} INFO - Setting next_dagrun for gpstore to None, run_after=None
[2023-12-04T22:33:58.827+0500] {processor.py:179} INFO - Processing /home/art/gitprj/MLopsXFlow/airflow/dags/gpstore.py took 0.052 seconds
[2023-12-04T22:34:30.071+0500] {processor.py:157} INFO - Started process (PID=3152) to work on /home/art/gitprj/MLopsXFlow/airflow/dags/gpstore.py
[2023-12-04T22:34:30.071+0500] {processor.py:829} INFO - Processing file /home/art/gitprj/MLopsXFlow/airflow/dags/gpstore.py for tasks to queue
[2023-12-04T22:34:30.072+0500] {logging_mixin.py:154} INFO - [2023-12-04T22:34:30.071+0500] {dagbag.py:536} INFO - Filling up the DagBag from /home/art/gitprj/MLopsXFlow/airflow/dags/gpstore.py
[2023-12-04T22:34:30.079+0500] {processor.py:839} INFO - DAG(s) dict_keys(['gpstore']) retrieved from /home/art/gitprj/MLopsXFlow/airflow/dags/gpstore.py
[2023-12-04T22:34:30.092+0500] {logging_mixin.py:154} INFO - [2023-12-04T22:34:30.092+0500] {dag.py:2941} INFO - Sync 1 DAGs
[2023-12-04T22:34:30.099+0500] {logging_mixin.py:154} INFO - [2023-12-04T22:34:30.099+0500] {dag.py:3722} INFO - Setting next_dagrun for gpstore to None, run_after=None
[2023-12-04T22:34:30.678+0500] {processor.py:179} INFO - Processing /home/art/gitprj/MLopsXFlow/airflow/dags/gpstore.py took 0.610 seconds
[2023-12-04T22:35:01.647+0500] {processor.py:157} INFO - Started process (PID=3159) to work on /home/art/gitprj/MLopsXFlow/airflow/dags/gpstore.py
[2023-12-04T22:35:01.648+0500] {processor.py:829} INFO - Processing file /home/art/gitprj/MLopsXFlow/airflow/dags/gpstore.py for tasks to queue
[2023-12-04T22:35:01.648+0500] {logging_mixin.py:154} INFO - [2023-12-04T22:35:01.648+0500] {dagbag.py:536} INFO - Filling up the DagBag from /home/art/gitprj/MLopsXFlow/airflow/dags/gpstore.py
[2023-12-04T22:35:01.657+0500] {processor.py:839} INFO - DAG(s) dict_keys(['gpstore']) retrieved from /home/art/gitprj/MLopsXFlow/airflow/dags/gpstore.py
[2023-12-04T22:35:01.674+0500] {logging_mixin.py:154} INFO - [2023-12-04T22:35:01.674+0500] {dag.py:2941} INFO - Sync 1 DAGs
[2023-12-04T22:35:01.682+0500] {logging_mixin.py:154} INFO - [2023-12-04T22:35:01.682+0500] {dag.py:3722} INFO - Setting next_dagrun for gpstore to None, run_after=None
[2023-12-04T22:35:01.699+0500] {processor.py:179} INFO - Processing /home/art/gitprj/MLopsXFlow/airflow/dags/gpstore.py took 0.054 seconds
[2023-12-04T22:35:32.487+0500] {processor.py:157} INFO - Started process (PID=3163) to work on /home/art/gitprj/MLopsXFlow/airflow/dags/gpstore.py
[2023-12-04T22:35:32.487+0500] {processor.py:829} INFO - Processing file /home/art/gitprj/MLopsXFlow/airflow/dags/gpstore.py for tasks to queue
[2023-12-04T22:35:32.488+0500] {logging_mixin.py:154} INFO - [2023-12-04T22:35:32.487+0500] {dagbag.py:536} INFO - Filling up the DagBag from /home/art/gitprj/MLopsXFlow/airflow/dags/gpstore.py
[2023-12-04T22:35:32.495+0500] {processor.py:839} INFO - DAG(s) dict_keys(['gpstore']) retrieved from /home/art/gitprj/MLopsXFlow/airflow/dags/gpstore.py
[2023-12-04T22:35:32.510+0500] {logging_mixin.py:154} INFO - [2023-12-04T22:35:32.510+0500] {dag.py:2941} INFO - Sync 1 DAGs
[2023-12-04T22:35:32.516+0500] {logging_mixin.py:154} INFO - [2023-12-04T22:35:32.516+0500] {dag.py:3722} INFO - Setting next_dagrun for gpstore to None, run_after=None
[2023-12-04T22:35:32.532+0500] {processor.py:179} INFO - Processing /home/art/gitprj/MLopsXFlow/airflow/dags/gpstore.py took 0.048 seconds
[2023-12-04T22:36:03.012+0500] {processor.py:157} INFO - Started process (PID=3252) to work on /home/art/gitprj/MLopsXFlow/airflow/dags/gpstore.py
[2023-12-04T22:36:03.013+0500] {processor.py:829} INFO - Processing file /home/art/gitprj/MLopsXFlow/airflow/dags/gpstore.py for tasks to queue
[2023-12-04T22:36:03.013+0500] {logging_mixin.py:154} INFO - [2023-12-04T22:36:03.013+0500] {dagbag.py:536} INFO - Filling up the DagBag from /home/art/gitprj/MLopsXFlow/airflow/dags/gpstore.py
[2023-12-04T22:36:03.022+0500] {processor.py:839} INFO - DAG(s) dict_keys(['gpstore']) retrieved from /home/art/gitprj/MLopsXFlow/airflow/dags/gpstore.py
[2023-12-04T22:36:03.037+0500] {logging_mixin.py:154} INFO - [2023-12-04T22:36:03.036+0500] {dag.py:2941} INFO - Sync 1 DAGs
[2023-12-04T22:36:03.043+0500] {logging_mixin.py:154} INFO - [2023-12-04T22:36:03.043+0500] {dag.py:3722} INFO - Setting next_dagrun for gpstore to None, run_after=None
[2023-12-04T22:36:03.060+0500] {processor.py:179} INFO - Processing /home/art/gitprj/MLopsXFlow/airflow/dags/gpstore.py took 0.050 seconds
[2023-12-04T22:36:33.729+0500] {processor.py:157} INFO - Started process (PID=3296) to work on /home/art/gitprj/MLopsXFlow/airflow/dags/gpstore.py
[2023-12-04T22:36:33.730+0500] {processor.py:829} INFO - Processing file /home/art/gitprj/MLopsXFlow/airflow/dags/gpstore.py for tasks to queue
[2023-12-04T22:36:33.730+0500] {logging_mixin.py:154} INFO - [2023-12-04T22:36:33.730+0500] {dagbag.py:536} INFO - Filling up the DagBag from /home/art/gitprj/MLopsXFlow/airflow/dags/gpstore.py
[2023-12-04T22:36:33.737+0500] {processor.py:839} INFO - DAG(s) dict_keys(['gpstore']) retrieved from /home/art/gitprj/MLopsXFlow/airflow/dags/gpstore.py
[2023-12-04T22:36:33.751+0500] {logging_mixin.py:154} INFO - [2023-12-04T22:36:33.751+0500] {dag.py:2941} INFO - Sync 1 DAGs
[2023-12-04T22:36:33.758+0500] {logging_mixin.py:154} INFO - [2023-12-04T22:36:33.758+0500] {dag.py:3722} INFO - Setting next_dagrun for gpstore to None, run_after=None
[2023-12-04T22:36:33.774+0500] {processor.py:179} INFO - Processing /home/art/gitprj/MLopsXFlow/airflow/dags/gpstore.py took 0.047 seconds
[2023-12-04T22:37:04.917+0500] {processor.py:157} INFO - Started process (PID=3392) to work on /home/art/gitprj/MLopsXFlow/airflow/dags/gpstore.py
[2023-12-04T22:37:04.917+0500] {processor.py:829} INFO - Processing file /home/art/gitprj/MLopsXFlow/airflow/dags/gpstore.py for tasks to queue
[2023-12-04T22:37:04.918+0500] {logging_mixin.py:154} INFO - [2023-12-04T22:37:04.918+0500] {dagbag.py:536} INFO - Filling up the DagBag from /home/art/gitprj/MLopsXFlow/airflow/dags/gpstore.py
[2023-12-04T22:37:04.992+0500] {processor.py:839} INFO - DAG(s) dict_keys(['gpstore']) retrieved from /home/art/gitprj/MLopsXFlow/airflow/dags/gpstore.py
[2023-12-04T22:37:05.071+0500] {logging_mixin.py:154} INFO - [2023-12-04T22:37:05.071+0500] {dag.py:2941} INFO - Sync 1 DAGs
[2023-12-04T22:37:05.110+0500] {logging_mixin.py:154} INFO - [2023-12-04T22:37:05.110+0500] {dag.py:3722} INFO - Setting next_dagrun for gpstore to None, run_after=None
[2023-12-04T22:37:05.695+0500] {processor.py:179} INFO - Processing /home/art/gitprj/MLopsXFlow/airflow/dags/gpstore.py took 0.780 seconds
[2023-12-04T22:37:36.241+0500] {processor.py:157} INFO - Started process (PID=3397) to work on /home/art/gitprj/MLopsXFlow/airflow/dags/gpstore.py
[2023-12-04T22:37:36.242+0500] {processor.py:829} INFO - Processing file /home/art/gitprj/MLopsXFlow/airflow/dags/gpstore.py for tasks to queue
[2023-12-04T22:37:36.243+0500] {logging_mixin.py:154} INFO - [2023-12-04T22:37:36.242+0500] {dagbag.py:536} INFO - Filling up the DagBag from /home/art/gitprj/MLopsXFlow/airflow/dags/gpstore.py
[2023-12-04T22:37:36.251+0500] {processor.py:839} INFO - DAG(s) dict_keys(['gpstore']) retrieved from /home/art/gitprj/MLopsXFlow/airflow/dags/gpstore.py
[2023-12-04T22:37:36.264+0500] {logging_mixin.py:154} INFO - [2023-12-04T22:37:36.264+0500] {dag.py:2941} INFO - Sync 1 DAGs
[2023-12-04T22:37:36.271+0500] {logging_mixin.py:154} INFO - [2023-12-04T22:37:36.271+0500] {dag.py:3722} INFO - Setting next_dagrun for gpstore to None, run_after=None
[2023-12-04T22:37:36.288+0500] {processor.py:179} INFO - Processing /home/art/gitprj/MLopsXFlow/airflow/dags/gpstore.py took 0.049 seconds
[2023-12-04T22:38:06.354+0500] {processor.py:157} INFO - Started process (PID=3431) to work on /home/art/gitprj/MLopsXFlow/airflow/dags/gpstore.py
[2023-12-04T22:38:06.355+0500] {processor.py:829} INFO - Processing file /home/art/gitprj/MLopsXFlow/airflow/dags/gpstore.py for tasks to queue
[2023-12-04T22:38:06.355+0500] {logging_mixin.py:154} INFO - [2023-12-04T22:38:06.355+0500] {dagbag.py:536} INFO - Filling up the DagBag from /home/art/gitprj/MLopsXFlow/airflow/dags/gpstore.py
[2023-12-04T22:38:06.363+0500] {processor.py:839} INFO - DAG(s) dict_keys(['gpstore']) retrieved from /home/art/gitprj/MLopsXFlow/airflow/dags/gpstore.py
[2023-12-04T22:38:06.376+0500] {logging_mixin.py:154} INFO - [2023-12-04T22:38:06.376+0500] {dag.py:2941} INFO - Sync 1 DAGs
[2023-12-04T22:38:06.382+0500] {logging_mixin.py:154} INFO - [2023-12-04T22:38:06.382+0500] {dag.py:3722} INFO - Setting next_dagrun for gpstore to None, run_after=None
[2023-12-04T22:38:06.399+0500] {processor.py:179} INFO - Processing /home/art/gitprj/MLopsXFlow/airflow/dags/gpstore.py took 0.046 seconds
[2023-12-04T22:38:37.310+0500] {processor.py:157} INFO - Started process (PID=3511) to work on /home/art/gitprj/MLopsXFlow/airflow/dags/gpstore.py
[2023-12-04T22:38:37.311+0500] {processor.py:829} INFO - Processing file /home/art/gitprj/MLopsXFlow/airflow/dags/gpstore.py for tasks to queue
[2023-12-04T22:38:37.311+0500] {logging_mixin.py:154} INFO - [2023-12-04T22:38:37.311+0500] {dagbag.py:536} INFO - Filling up the DagBag from /home/art/gitprj/MLopsXFlow/airflow/dags/gpstore.py
[2023-12-04T22:38:37.319+0500] {processor.py:839} INFO - DAG(s) dict_keys(['gpstore']) retrieved from /home/art/gitprj/MLopsXFlow/airflow/dags/gpstore.py
[2023-12-04T22:38:37.332+0500] {logging_mixin.py:154} INFO - [2023-12-04T22:38:37.332+0500] {dag.py:2941} INFO - Sync 1 DAGs
[2023-12-04T22:38:37.338+0500] {logging_mixin.py:154} INFO - [2023-12-04T22:38:37.338+0500] {dag.py:3722} INFO - Setting next_dagrun for gpstore to None, run_after=None
[2023-12-04T22:38:37.353+0500] {processor.py:179} INFO - Processing /home/art/gitprj/MLopsXFlow/airflow/dags/gpstore.py took 0.045 seconds
[2023-12-04T22:39:07.813+0500] {processor.py:157} INFO - Started process (PID=3585) to work on /home/art/gitprj/MLopsXFlow/airflow/dags/gpstore.py
[2023-12-04T22:39:07.814+0500] {processor.py:829} INFO - Processing file /home/art/gitprj/MLopsXFlow/airflow/dags/gpstore.py for tasks to queue
[2023-12-04T22:39:07.814+0500] {logging_mixin.py:154} INFO - [2023-12-04T22:39:07.814+0500] {dagbag.py:536} INFO - Filling up the DagBag from /home/art/gitprj/MLopsXFlow/airflow/dags/gpstore.py
[2023-12-04T22:39:07.823+0500] {processor.py:839} INFO - DAG(s) dict_keys(['gpstore']) retrieved from /home/art/gitprj/MLopsXFlow/airflow/dags/gpstore.py
[2023-12-04T22:39:07.838+0500] {logging_mixin.py:154} INFO - [2023-12-04T22:39:07.837+0500] {dag.py:2941} INFO - Sync 1 DAGs
[2023-12-04T22:39:07.844+0500] {logging_mixin.py:154} INFO - [2023-12-04T22:39:07.844+0500] {dag.py:3722} INFO - Setting next_dagrun for gpstore to None, run_after=None
[2023-12-04T22:39:07.861+0500] {processor.py:179} INFO - Processing /home/art/gitprj/MLopsXFlow/airflow/dags/gpstore.py took 0.050 seconds
[2023-12-04T22:39:38.236+0500] {processor.py:157} INFO - Started process (PID=3628) to work on /home/art/gitprj/MLopsXFlow/airflow/dags/gpstore.py
[2023-12-04T22:39:38.237+0500] {processor.py:829} INFO - Processing file /home/art/gitprj/MLopsXFlow/airflow/dags/gpstore.py for tasks to queue
[2023-12-04T22:39:38.237+0500] {logging_mixin.py:154} INFO - [2023-12-04T22:39:38.237+0500] {dagbag.py:536} INFO - Filling up the DagBag from /home/art/gitprj/MLopsXFlow/airflow/dags/gpstore.py
[2023-12-04T22:39:38.253+0500] {processor.py:839} INFO - DAG(s) dict_keys(['gpstore']) retrieved from /home/art/gitprj/MLopsXFlow/airflow/dags/gpstore.py
[2023-12-04T22:39:38.272+0500] {logging_mixin.py:154} INFO - [2023-12-04T22:39:38.272+0500] {dag.py:2941} INFO - Sync 1 DAGs
[2023-12-04T22:39:38.279+0500] {logging_mixin.py:154} INFO - [2023-12-04T22:39:38.279+0500] {dag.py:3722} INFO - Setting next_dagrun for gpstore to None, run_after=None
[2023-12-04T22:39:38.298+0500] {processor.py:179} INFO - Processing /home/art/gitprj/MLopsXFlow/airflow/dags/gpstore.py took 0.064 seconds
[2023-12-04T22:40:08.639+0500] {processor.py:157} INFO - Started process (PID=3665) to work on /home/art/gitprj/MLopsXFlow/airflow/dags/gpstore.py
[2023-12-04T22:40:08.640+0500] {processor.py:829} INFO - Processing file /home/art/gitprj/MLopsXFlow/airflow/dags/gpstore.py for tasks to queue
[2023-12-04T22:40:08.641+0500] {logging_mixin.py:154} INFO - [2023-12-04T22:40:08.640+0500] {dagbag.py:536} INFO - Filling up the DagBag from /home/art/gitprj/MLopsXFlow/airflow/dags/gpstore.py
[2023-12-04T22:40:08.647+0500] {processor.py:839} INFO - DAG(s) dict_keys(['gpstore']) retrieved from /home/art/gitprj/MLopsXFlow/airflow/dags/gpstore.py
[2023-12-04T22:40:08.659+0500] {logging_mixin.py:154} INFO - [2023-12-04T22:40:08.658+0500] {dag.py:2941} INFO - Sync 1 DAGs
[2023-12-04T22:40:08.664+0500] {logging_mixin.py:154} INFO - [2023-12-04T22:40:08.664+0500] {dag.py:3722} INFO - Setting next_dagrun for gpstore to None, run_after=None
[2023-12-04T22:40:08.681+0500] {processor.py:179} INFO - Processing /home/art/gitprj/MLopsXFlow/airflow/dags/gpstore.py took 0.043 seconds
[2023-12-04T22:40:39.299+0500] {processor.py:157} INFO - Started process (PID=3682) to work on /home/art/gitprj/MLopsXFlow/airflow/dags/gpstore.py
[2023-12-04T22:40:39.299+0500] {processor.py:829} INFO - Processing file /home/art/gitprj/MLopsXFlow/airflow/dags/gpstore.py for tasks to queue
[2023-12-04T22:40:39.300+0500] {logging_mixin.py:154} INFO - [2023-12-04T22:40:39.299+0500] {dagbag.py:536} INFO - Filling up the DagBag from /home/art/gitprj/MLopsXFlow/airflow/dags/gpstore.py
[2023-12-04T22:40:39.307+0500] {processor.py:839} INFO - DAG(s) dict_keys(['gpstore']) retrieved from /home/art/gitprj/MLopsXFlow/airflow/dags/gpstore.py
[2023-12-04T22:40:39.321+0500] {logging_mixin.py:154} INFO - [2023-12-04T22:40:39.321+0500] {dag.py:2941} INFO - Sync 1 DAGs
[2023-12-04T22:40:39.327+0500] {logging_mixin.py:154} INFO - [2023-12-04T22:40:39.327+0500] {dag.py:3722} INFO - Setting next_dagrun for gpstore to None, run_after=None
[2023-12-04T22:40:39.354+0500] {processor.py:179} INFO - Processing /home/art/gitprj/MLopsXFlow/airflow/dags/gpstore.py took 0.057 seconds
[2023-12-04T22:41:09.831+0500] {processor.py:157} INFO - Started process (PID=3690) to work on /home/art/gitprj/MLopsXFlow/airflow/dags/gpstore.py
[2023-12-04T22:41:09.831+0500] {processor.py:829} INFO - Processing file /home/art/gitprj/MLopsXFlow/airflow/dags/gpstore.py for tasks to queue
[2023-12-04T22:41:09.832+0500] {logging_mixin.py:154} INFO - [2023-12-04T22:41:09.832+0500] {dagbag.py:536} INFO - Filling up the DagBag from /home/art/gitprj/MLopsXFlow/airflow/dags/gpstore.py
[2023-12-04T22:41:09.840+0500] {processor.py:839} INFO - DAG(s) dict_keys(['gpstore']) retrieved from /home/art/gitprj/MLopsXFlow/airflow/dags/gpstore.py
[2023-12-04T22:41:09.852+0500] {logging_mixin.py:154} INFO - [2023-12-04T22:41:09.852+0500] {dag.py:2941} INFO - Sync 1 DAGs
[2023-12-04T22:41:09.858+0500] {logging_mixin.py:154} INFO - [2023-12-04T22:41:09.858+0500] {dag.py:3722} INFO - Setting next_dagrun for gpstore to None, run_after=None
[2023-12-04T22:41:09.878+0500] {processor.py:179} INFO - Processing /home/art/gitprj/MLopsXFlow/airflow/dags/gpstore.py took 0.049 seconds
[2023-12-04T22:41:40.273+0500] {processor.py:157} INFO - Started process (PID=3694) to work on /home/art/gitprj/MLopsXFlow/airflow/dags/gpstore.py
[2023-12-04T22:41:40.273+0500] {processor.py:829} INFO - Processing file /home/art/gitprj/MLopsXFlow/airflow/dags/gpstore.py for tasks to queue
[2023-12-04T22:41:40.274+0500] {logging_mixin.py:154} INFO - [2023-12-04T22:41:40.274+0500] {dagbag.py:536} INFO - Filling up the DagBag from /home/art/gitprj/MLopsXFlow/airflow/dags/gpstore.py
[2023-12-04T22:41:40.281+0500] {processor.py:839} INFO - DAG(s) dict_keys(['gpstore']) retrieved from /home/art/gitprj/MLopsXFlow/airflow/dags/gpstore.py
[2023-12-04T22:41:40.294+0500] {logging_mixin.py:154} INFO - [2023-12-04T22:41:40.294+0500] {dag.py:2941} INFO - Sync 1 DAGs
[2023-12-04T22:41:40.301+0500] {logging_mixin.py:154} INFO - [2023-12-04T22:41:40.301+0500] {dag.py:3722} INFO - Setting next_dagrun for gpstore to None, run_after=None
[2023-12-04T22:41:40.318+0500] {processor.py:179} INFO - Processing /home/art/gitprj/MLopsXFlow/airflow/dags/gpstore.py took 0.047 seconds
[2023-12-04T22:42:11.016+0500] {processor.py:157} INFO - Started process (PID=3700) to work on /home/art/gitprj/MLopsXFlow/airflow/dags/gpstore.py
[2023-12-04T22:42:11.017+0500] {processor.py:829} INFO - Processing file /home/art/gitprj/MLopsXFlow/airflow/dags/gpstore.py for tasks to queue
[2023-12-04T22:42:11.018+0500] {logging_mixin.py:154} INFO - [2023-12-04T22:42:11.017+0500] {dagbag.py:536} INFO - Filling up the DagBag from /home/art/gitprj/MLopsXFlow/airflow/dags/gpstore.py
[2023-12-04T22:42:11.025+0500] {processor.py:839} INFO - DAG(s) dict_keys(['gpstore']) retrieved from /home/art/gitprj/MLopsXFlow/airflow/dags/gpstore.py
[2023-12-04T22:42:11.039+0500] {logging_mixin.py:154} INFO - [2023-12-04T22:42:11.039+0500] {dag.py:2941} INFO - Sync 1 DAGs
[2023-12-04T22:42:11.046+0500] {logging_mixin.py:154} INFO - [2023-12-04T22:42:11.046+0500] {dag.py:3722} INFO - Setting next_dagrun for gpstore to None, run_after=None
[2023-12-04T22:42:11.064+0500] {processor.py:179} INFO - Processing /home/art/gitprj/MLopsXFlow/airflow/dags/gpstore.py took 0.049 seconds
[2023-12-04T22:42:41.495+0500] {processor.py:157} INFO - Started process (PID=3705) to work on /home/art/gitprj/MLopsXFlow/airflow/dags/gpstore.py
[2023-12-04T22:42:41.496+0500] {processor.py:829} INFO - Processing file /home/art/gitprj/MLopsXFlow/airflow/dags/gpstore.py for tasks to queue
[2023-12-04T22:42:41.496+0500] {logging_mixin.py:154} INFO - [2023-12-04T22:42:41.496+0500] {dagbag.py:536} INFO - Filling up the DagBag from /home/art/gitprj/MLopsXFlow/airflow/dags/gpstore.py
[2023-12-04T22:42:41.504+0500] {processor.py:839} INFO - DAG(s) dict_keys(['gpstore']) retrieved from /home/art/gitprj/MLopsXFlow/airflow/dags/gpstore.py
[2023-12-04T22:42:41.519+0500] {logging_mixin.py:154} INFO - [2023-12-04T22:42:41.518+0500] {dag.py:2941} INFO - Sync 1 DAGs
[2023-12-04T22:42:41.525+0500] {logging_mixin.py:154} INFO - [2023-12-04T22:42:41.525+0500] {dag.py:3722} INFO - Setting next_dagrun for gpstore to None, run_after=None
[2023-12-04T22:42:41.543+0500] {processor.py:179} INFO - Processing /home/art/gitprj/MLopsXFlow/airflow/dags/gpstore.py took 0.050 seconds
[2023-12-04T22:43:11.926+0500] {processor.py:157} INFO - Started process (PID=3711) to work on /home/art/gitprj/MLopsXFlow/airflow/dags/gpstore.py
[2023-12-04T22:43:11.926+0500] {processor.py:829} INFO - Processing file /home/art/gitprj/MLopsXFlow/airflow/dags/gpstore.py for tasks to queue
[2023-12-04T22:43:11.927+0500] {logging_mixin.py:154} INFO - [2023-12-04T22:43:11.927+0500] {dagbag.py:536} INFO - Filling up the DagBag from /home/art/gitprj/MLopsXFlow/airflow/dags/gpstore.py
[2023-12-04T22:43:11.936+0500] {processor.py:839} INFO - DAG(s) dict_keys(['gpstore']) retrieved from /home/art/gitprj/MLopsXFlow/airflow/dags/gpstore.py
[2023-12-04T22:43:11.950+0500] {logging_mixin.py:154} INFO - [2023-12-04T22:43:11.950+0500] {dag.py:2941} INFO - Sync 1 DAGs
[2023-12-04T22:43:11.957+0500] {logging_mixin.py:154} INFO - [2023-12-04T22:43:11.957+0500] {dag.py:3722} INFO - Setting next_dagrun for gpstore to None, run_after=None
[2023-12-04T22:43:11.976+0500] {processor.py:179} INFO - Processing /home/art/gitprj/MLopsXFlow/airflow/dags/gpstore.py took 0.052 seconds
[2023-12-04T22:43:42.567+0500] {processor.py:157} INFO - Started process (PID=3718) to work on /home/art/gitprj/MLopsXFlow/airflow/dags/gpstore.py
[2023-12-04T22:43:42.567+0500] {processor.py:829} INFO - Processing file /home/art/gitprj/MLopsXFlow/airflow/dags/gpstore.py for tasks to queue
[2023-12-04T22:43:42.568+0500] {logging_mixin.py:154} INFO - [2023-12-04T22:43:42.567+0500] {dagbag.py:536} INFO - Filling up the DagBag from /home/art/gitprj/MLopsXFlow/airflow/dags/gpstore.py
[2023-12-04T22:43:42.575+0500] {processor.py:839} INFO - DAG(s) dict_keys(['gpstore']) retrieved from /home/art/gitprj/MLopsXFlow/airflow/dags/gpstore.py
[2023-12-04T22:43:42.589+0500] {logging_mixin.py:154} INFO - [2023-12-04T22:43:42.589+0500] {dag.py:2941} INFO - Sync 1 DAGs
[2023-12-04T22:43:42.596+0500] {logging_mixin.py:154} INFO - [2023-12-04T22:43:42.596+0500] {dag.py:3722} INFO - Setting next_dagrun for gpstore to None, run_after=None
[2023-12-04T22:43:42.613+0500] {processor.py:179} INFO - Processing /home/art/gitprj/MLopsXFlow/airflow/dags/gpstore.py took 0.048 seconds
[2023-12-04T22:44:13.002+0500] {processor.py:157} INFO - Started process (PID=3725) to work on /home/art/gitprj/MLopsXFlow/airflow/dags/gpstore.py
[2023-12-04T22:44:13.002+0500] {processor.py:829} INFO - Processing file /home/art/gitprj/MLopsXFlow/airflow/dags/gpstore.py for tasks to queue
[2023-12-04T22:44:13.003+0500] {logging_mixin.py:154} INFO - [2023-12-04T22:44:13.002+0500] {dagbag.py:536} INFO - Filling up the DagBag from /home/art/gitprj/MLopsXFlow/airflow/dags/gpstore.py
[2023-12-04T22:44:13.011+0500] {processor.py:839} INFO - DAG(s) dict_keys(['gpstore']) retrieved from /home/art/gitprj/MLopsXFlow/airflow/dags/gpstore.py
[2023-12-04T22:44:13.025+0500] {logging_mixin.py:154} INFO - [2023-12-04T22:44:13.025+0500] {dag.py:2941} INFO - Sync 1 DAGs
[2023-12-04T22:44:13.032+0500] {logging_mixin.py:154} INFO - [2023-12-04T22:44:13.032+0500] {dag.py:3722} INFO - Setting next_dagrun for gpstore to None, run_after=None
[2023-12-04T22:44:13.049+0500] {processor.py:179} INFO - Processing /home/art/gitprj/MLopsXFlow/airflow/dags/gpstore.py took 0.049 seconds
[2023-12-04T22:44:43.728+0500] {processor.py:157} INFO - Started process (PID=3728) to work on /home/art/gitprj/MLopsXFlow/airflow/dags/gpstore.py
[2023-12-04T22:44:43.729+0500] {processor.py:829} INFO - Processing file /home/art/gitprj/MLopsXFlow/airflow/dags/gpstore.py for tasks to queue
[2023-12-04T22:44:43.729+0500] {logging_mixin.py:154} INFO - [2023-12-04T22:44:43.729+0500] {dagbag.py:536} INFO - Filling up the DagBag from /home/art/gitprj/MLopsXFlow/airflow/dags/gpstore.py
[2023-12-04T22:44:43.737+0500] {processor.py:839} INFO - DAG(s) dict_keys(['gpstore']) retrieved from /home/art/gitprj/MLopsXFlow/airflow/dags/gpstore.py
[2023-12-04T22:44:43.751+0500] {logging_mixin.py:154} INFO - [2023-12-04T22:44:43.751+0500] {dag.py:2941} INFO - Sync 1 DAGs
[2023-12-04T22:44:43.757+0500] {logging_mixin.py:154} INFO - [2023-12-04T22:44:43.757+0500] {dag.py:3722} INFO - Setting next_dagrun for gpstore to None, run_after=None
[2023-12-04T22:44:43.775+0500] {processor.py:179} INFO - Processing /home/art/gitprj/MLopsXFlow/airflow/dags/gpstore.py took 0.049 seconds
[2023-12-04T22:45:14.194+0500] {processor.py:157} INFO - Started process (PID=3759) to work on /home/art/gitprj/MLopsXFlow/airflow/dags/gpstore.py
[2023-12-04T22:45:14.195+0500] {processor.py:829} INFO - Processing file /home/art/gitprj/MLopsXFlow/airflow/dags/gpstore.py for tasks to queue
[2023-12-04T22:45:14.195+0500] {logging_mixin.py:154} INFO - [2023-12-04T22:45:14.195+0500] {dagbag.py:536} INFO - Filling up the DagBag from /home/art/gitprj/MLopsXFlow/airflow/dags/gpstore.py
[2023-12-04T22:45:14.204+0500] {processor.py:839} INFO - DAG(s) dict_keys(['gpstore']) retrieved from /home/art/gitprj/MLopsXFlow/airflow/dags/gpstore.py
[2023-12-04T22:45:14.218+0500] {logging_mixin.py:154} INFO - [2023-12-04T22:45:14.218+0500] {dag.py:2941} INFO - Sync 1 DAGs
[2023-12-04T22:45:14.224+0500] {logging_mixin.py:154} INFO - [2023-12-04T22:45:14.224+0500] {dag.py:3722} INFO - Setting next_dagrun for gpstore to None, run_after=None
[2023-12-04T22:45:14.243+0500] {processor.py:179} INFO - Processing /home/art/gitprj/MLopsXFlow/airflow/dags/gpstore.py took 0.050 seconds
[2023-12-04T22:45:44.885+0500] {processor.py:157} INFO - Started process (PID=3800) to work on /home/art/gitprj/MLopsXFlow/airflow/dags/gpstore.py
[2023-12-04T22:45:44.886+0500] {processor.py:829} INFO - Processing file /home/art/gitprj/MLopsXFlow/airflow/dags/gpstore.py for tasks to queue
[2023-12-04T22:45:44.886+0500] {logging_mixin.py:154} INFO - [2023-12-04T22:45:44.886+0500] {dagbag.py:536} INFO - Filling up the DagBag from /home/art/gitprj/MLopsXFlow/airflow/dags/gpstore.py
[2023-12-04T22:45:44.895+0500] {processor.py:839} INFO - DAG(s) dict_keys(['gpstore']) retrieved from /home/art/gitprj/MLopsXFlow/airflow/dags/gpstore.py
[2023-12-04T22:45:44.909+0500] {logging_mixin.py:154} INFO - [2023-12-04T22:45:44.909+0500] {dag.py:2941} INFO - Sync 1 DAGs
[2023-12-04T22:45:44.915+0500] {logging_mixin.py:154} INFO - [2023-12-04T22:45:44.915+0500] {dag.py:3722} INFO - Setting next_dagrun for gpstore to None, run_after=None
[2023-12-04T22:45:44.933+0500] {processor.py:179} INFO - Processing /home/art/gitprj/MLopsXFlow/airflow/dags/gpstore.py took 0.051 seconds
[2023-12-04T22:46:15.209+0500] {processor.py:157} INFO - Started process (PID=3809) to work on /home/art/gitprj/MLopsXFlow/airflow/dags/gpstore.py
[2023-12-04T22:46:15.209+0500] {processor.py:829} INFO - Processing file /home/art/gitprj/MLopsXFlow/airflow/dags/gpstore.py for tasks to queue
[2023-12-04T22:46:15.210+0500] {logging_mixin.py:154} INFO - [2023-12-04T22:46:15.209+0500] {dagbag.py:536} INFO - Filling up the DagBag from /home/art/gitprj/MLopsXFlow/airflow/dags/gpstore.py
[2023-12-04T22:46:15.217+0500] {processor.py:839} INFO - DAG(s) dict_keys(['gpstore']) retrieved from /home/art/gitprj/MLopsXFlow/airflow/dags/gpstore.py
[2023-12-04T22:46:15.230+0500] {logging_mixin.py:154} INFO - [2023-12-04T22:46:15.230+0500] {dag.py:2941} INFO - Sync 1 DAGs
[2023-12-04T22:46:15.237+0500] {logging_mixin.py:154} INFO - [2023-12-04T22:46:15.237+0500] {dag.py:3722} INFO - Setting next_dagrun for gpstore to None, run_after=None
[2023-12-04T22:46:15.720+0500] {processor.py:179} INFO - Processing /home/art/gitprj/MLopsXFlow/airflow/dags/gpstore.py took 0.513 seconds
