[2023-12-04T22:20:15.146+0500] {taskinstance.py:1159} INFO - Dependencies all met for dep_context=non-requeueable deps ti=<TaskInstance: gpstore.get_data manual__2023-12-04T17:15:14.073307+00:00 [queued]>
[2023-12-04T22:20:15.149+0500] {taskinstance.py:1159} INFO - Dependencies all met for dep_context=requeueable deps ti=<TaskInstance: gpstore.get_data manual__2023-12-04T17:15:14.073307+00:00 [queued]>
[2023-12-04T22:20:15.149+0500] {taskinstance.py:1361} INFO - Starting attempt 2 of 2
[2023-12-04T22:20:15.163+0500] {taskinstance.py:1382} INFO - Executing <Task(BashOperator): get_data> on 2023-12-04 17:15:14.073307+00:00
[2023-12-04T22:20:15.166+0500] {standard_task_runner.py:57} INFO - Started process 2908 to run task
[2023-12-04T22:20:15.169+0500] {standard_task_runner.py:84} INFO - Running: ['airflow', 'tasks', 'run', 'gpstore', 'get_data', 'manual__2023-12-04T17:15:14.073307+00:00', '--job-id', '4', '--raw', '--subdir', 'DAGS_FOLDER/gpstore.py', '--cfg-path', '/tmp/tmp8__votmo']
[2023-12-04T22:20:15.170+0500] {standard_task_runner.py:85} INFO - Job 4: Subtask get_data
[2023-12-04T22:20:15.194+0500] {task_command.py:416} INFO - Running <TaskInstance: gpstore.get_data manual__2023-12-04T17:15:14.073307+00:00 [running]> on host xflow
[2023-12-04T22:20:15.234+0500] {taskinstance.py:1662} INFO - Exporting env vars: AIRFLOW_CTX_DAG_OWNER='admin' AIRFLOW_CTX_DAG_ID='gpstore' AIRFLOW_CTX_TASK_ID='get_data' AIRFLOW_CTX_EXECUTION_DATE='2023-12-04T17:15:14.073307+00:00' AIRFLOW_CTX_TRY_NUMBER='2' AIRFLOW_CTX_DAG_RUN_ID='manual__2023-12-04T17:15:14.073307+00:00'
[2023-12-04T22:20:15.235+0500] {subprocess.py:63} INFO - Tmp dir root location: /tmp
[2023-12-04T22:20:15.235+0500] {subprocess.py:75} INFO - Running command: ['/usr/bin/bash', '-c', 'cd /home/art/gitprj/MLopsXFlow/datasets | gdown 1i1W2wtpQErLjJdbVVThsqFd_oE2BDspj']
[2023-12-04T22:20:15.240+0500] {subprocess.py:86} INFO - Output:
[2023-12-04T22:20:17.583+0500] {subprocess.py:93} INFO - Downloading...
[2023-12-04T22:20:17.584+0500] {subprocess.py:93} INFO - From: https://drive.google.com/uc?id=1i1W2wtpQErLjJdbVVThsqFd_oE2BDspj
[2023-12-04T22:20:17.584+0500] {subprocess.py:93} INFO - To: /tmp/airflowtmpuwqjd_a0/archive.zip
[2023-12-04T22:20:17.986+0500] {subprocess.py:93} INFO -   0%|          | 0.00/2.04M [00:00<?, ?B/s] 26%|██▌       | 524k/2.04M [00:00<00:00, 2.27MB/s] 77%|███████▋  | 1.57M/2.04M [00:00<00:00, 4.68MB/s]100%|██████████| 2.04M/2.04M [00:00<00:00, 5.15MB/s]
[2023-12-04T22:20:18.009+0500] {subprocess.py:97} INFO - Command exited with return code 0
[2023-12-04T22:20:18.026+0500] {taskinstance.py:1400} INFO - Marking task as SUCCESS. dag_id=gpstore, task_id=get_data, execution_date=20231204T171514, start_date=20231204T172015, end_date=20231204T172018
[2023-12-04T22:20:18.085+0500] {local_task_job_runner.py:228} INFO - Task exited with return code 0
[2023-12-04T22:20:18.096+0500] {taskinstance.py:2778} INFO - 1 downstream tasks scheduled from follow-on schedule check
